Replace Part C2 Cap in C:\Users\Administrateur.NB-FABLAB1\Desktop\Nicolas LAW\KNOCKLET_BRAC\Copy of MCU_64.SchDoc with Cap from Gen_Devices.schlib
Replace Part C3 Cap in C:\Users\Administrateur.NB-FABLAB1\Desktop\Nicolas LAW\KNOCKLET_BRAC\Copy of MCU_64.SchDoc with Cap from Gen_Devices.schlib
Replace Part C4 Cap in C:\Users\Administrateur.NB-FABLAB1\Desktop\Nicolas LAW\KNOCKLET_BRAC\Copy of MCU_64.SchDoc with Cap from Gen_Devices.schlib
Replace Part C5 Cap in C:\Users\Administrateur.NB-FABLAB1\Desktop\Nicolas LAW\KNOCKLET_BRAC\Copy of MCU_64.SchDoc with Cap from Gen_Devices.schlib
Replace Part C6 Cap Pol1 in C:\Users\Administrateur.NB-FABLAB1\Desktop\Nicolas LAW\KNOCKLET_BRAC\Copy of MCU_64.SchDoc with Cap Pol1 from Gen_Devices.schlib
Replace Part C7 Cap Pol1 in C:\Users\Administrateur.NB-FABLAB1\Desktop\Nicolas LAW\KNOCKLET_BRAC\Copy of MCU_64.SchDoc with Cap Pol1 from Gen_Devices.schlib
Replace Part C8 Cap in C:\Users\Administrateur.NB-FABLAB1\Desktop\Nicolas LAW\KNOCKLET_BRAC\Copy of MCU_64.SchDoc with Cap from Gen_Devices.schlib
Replace Part C9 Cap in C:\Users\Administrateur.NB-FABLAB1\Desktop\Nicolas LAW\KNOCKLET_BRAC\Copy of MCU_64.SchDoc with Cap from Gen_Devices.schlib
Replace Part C11 Cap in C:\Users\Administrateur.NB-FABLAB1\Desktop\Nicolas LAW\KNOCKLET_BRAC\Copy of MCU_64.SchDoc with Cap from Gen_Devices.schlib
Replace Part C12 Cap in C:\Users\Administrateur.NB-FABLAB1\Desktop\Nicolas LAW\KNOCKLET_BRAC\Copy of MCU_64.SchDoc with Cap from Gen_Devices.schlib
Replace Part C13 Cap in C:\Users\Administrateur.NB-FABLAB1\Desktop\Nicolas LAW\KNOCKLET_BRAC\Copy of MCU_64.SchDoc with Cap from Gen_Devices.schlib
Replace Part C14 Cap in C:\Users\Administrateur.NB-FABLAB1\Desktop\Nicolas LAW\KNOCKLET_BRAC\Copy of MCU_64.SchDoc with Cap from Gen_Devices.schlib
Replace Part C16 Cap in C:\Users\Administrateur.NB-FABLAB1\Desktop\Nicolas LAW\KNOCKLET_BRAC\Copy of MCU_64.SchDoc with Cap from Gen_Devices.schlib
Replace Part C19 Cap in C:\Users\Administrateur.NB-FABLAB1\Desktop\Nicolas LAW\KNOCKLET_BRAC\Copy of MCU_64.SchDoc with Cap from Gen_Devices.schlib
Replace Part C20 Cap in C:\Users\Administrateur.NB-FABLAB1\Desktop\Nicolas LAW\KNOCKLET_BRAC\Copy of MCU_64.SchDoc with Cap from Gen_Devices.schlib
Replace Part C21 Cap in C:\Users\Administrateur.NB-FABLAB1\Desktop\Nicolas LAW\KNOCKLET_BRAC\Copy of MCU_64.SchDoc with Cap from Gen_Devices.schlib
Replace Part C22 Cap in C:\Users\Administrateur.NB-FABLAB1\Desktop\Nicolas LAW\KNOCKLET_BRAC\Copy of MCU_64.SchDoc with Cap from Gen_Devices.schlib
Replace Part C23 Cap in C:\Users\Administrateur.NB-FABLAB1\Desktop\Nicolas LAW\KNOCKLET_BRAC\Copy of MCU_64.SchDoc with Cap from Gen_Devices.schlib
Replace Part D1 D Schottky in C:\Users\Administrateur.NB-FABLAB1\Desktop\Nicolas LAW\KNOCKLET_BRAC\Copy of MCU_64.SchDoc with D Schottky from Gen_Devices.schlib
Replace Part JP1 JP2 in C:\Users\Administrateur.NB-FABLAB1\Desktop\Nicolas LAW\KNOCKLET_BRAC\Copy of MCU_64.SchDoc with JP2 from KNOCKLET_BRAC.SchLib
Replace Part L1 Inductor in C:\Users\Administrateur.NB-FABLAB1\Desktop\Nicolas LAW\KNOCKLET_BRAC\Copy of MCU_64.SchDoc with Inductor from Miscellaneous Devices.IntLib
Replace Part LD1 LED2 in C:\Users\Administrateur.NB-FABLAB1\Desktop\Nicolas LAW\KNOCKLET_BRAC\Copy of MCU_64.SchDoc with LED2 from KNOCKLET_BRAC.SchLib
Replace Part R1 Res1 in C:\Users\Administrateur.NB-FABLAB1\Desktop\Nicolas LAW\KNOCKLET_BRAC\Copy of MCU_64.SchDoc with Res1 from Gen_Devices.schlib
Replace Part R2 Res1 in C:\Users\Administrateur.NB-FABLAB1\Desktop\Nicolas LAW\KNOCKLET_BRAC\Copy of MCU_64.SchDoc with Res1 from Gen_Devices.schlib
Replace Part R3 Res1 in C:\Users\Administrateur.NB-FABLAB1\Desktop\Nicolas LAW\KNOCKLET_BRAC\Copy of MCU_64.SchDoc with Res1 from Gen_Devices.schlib
Replace Part R4 Res1 in C:\Users\Administrateur.NB-FABLAB1\Desktop\Nicolas LAW\KNOCKLET_BRAC\Copy of MCU_64.SchDoc with Res1 from Gen_Devices.schlib
Replace Part R5 Res1 in C:\Users\Administrateur.NB-FABLAB1\Desktop\Nicolas LAW\KNOCKLET_BRAC\Copy of MCU_64.SchDoc with Res1 from Gen_Devices.schlib
Replace Part R6 Res1 in C:\Users\Administrateur.NB-FABLAB1\Desktop\Nicolas LAW\KNOCKLET_BRAC\Copy of MCU_64.SchDoc with Res1 from Gen_Devices.schlib
Replace Part R7 Res1 in C:\Users\Administrateur.NB-FABLAB1\Desktop\Nicolas LAW\KNOCKLET_BRAC\Copy of MCU_64.SchDoc with Res1 from Gen_Devices.schlib
Replace Part R8 Res1 in C:\Users\Administrateur.NB-FABLAB1\Desktop\Nicolas LAW\KNOCKLET_BRAC\Copy of MCU_64.SchDoc with Res1 from Gen_Devices.schlib
Replace Part R9 Res1 in C:\Users\Administrateur.NB-FABLAB1\Desktop\Nicolas LAW\KNOCKLET_BRAC\Copy of MCU_64.SchDoc with Res1 from Gen_Devices.schlib
Replace Part R10 Res1 in C:\Users\Administrateur.NB-FABLAB1\Desktop\Nicolas LAW\KNOCKLET_BRAC\Copy of MCU_64.SchDoc with Res1 from Gen_Devices.schlib
Replace Part R11 Res1 in C:\Users\Administrateur.NB-FABLAB1\Desktop\Nicolas LAW\KNOCKLET_BRAC\Copy of MCU_64.SchDoc with Res1 from Gen_Devices.schlib
Replace Part U2 SPBTLE-RF in C:\Users\Administrateur.NB-FABLAB1\Desktop\Nicolas LAW\KNOCKLET_BRAC\Copy of MCU_64.SchDoc with SPBTLE-RF from KNOCKLET_BRAC.SchLib
Replace Part U3 LD1117 in C:\Users\Administrateur.NB-FABLAB1\Desktop\Nicolas LAW\KNOCKLET_BRAC\Copy of MCU_64.SchDoc with LD1117 from KNOCKLET_BRAC.SchLib
Replace Part U5 MMA8452QT in C:\Users\Administrateur.NB-FABLAB1\Desktop\Nicolas LAW\KNOCKLET_BRAC\Copy of MCU_64.SchDoc with MMA8452QT from Accelerometres.SchLib
Replace Part X1 MC306 in C:\Users\Administrateur.NB-FABLAB1\Desktop\Nicolas LAW\KNOCKLET_BRAC\Copy of MCU_64.SchDoc with MC306 from KNOCKLET_BRAC.SchLib
