Replace Part C8 Cap in C:\Users\Administrateur.NB-FABLAB1\Desktop\Nicolas LAW\KNOCKLET_BRAC\Copy of MCU_64.SchDoc with Cap from KNOCKLET_BRAC.SchLib
Replace Part C9 Cap in C:\Users\Administrateur.NB-FABLAB1\Desktop\Nicolas LAW\KNOCKLET_BRAC\Copy of MCU_64.SchDoc with Cap from Miscellaneous Devices.IntLib
Replace Part C10 Cap in C:\Users\Administrateur.NB-FABLAB1\Desktop\Nicolas LAW\KNOCKLET_BRAC\Copy of MCU_64.SchDoc with Cap from KNOCKLET_BRAC.SchLib
Replace Part C11 Cap in C:\Users\Administrateur.NB-FABLAB1\Desktop\Nicolas LAW\KNOCKLET_BRAC\Copy of MCU_64.SchDoc with Cap from KNOCKLET_BRAC.SchLib
Replace Part C12 Cap in C:\Users\Administrateur.NB-FABLAB1\Desktop\Nicolas LAW\KNOCKLET_BRAC\Copy of MCU_64.SchDoc with Cap from Miscellaneous Devices.IntLib
Replace Part C13 Cap in C:\Users\Administrateur.NB-FABLAB1\Desktop\Nicolas LAW\KNOCKLET_BRAC\Copy of MCU_64.SchDoc with Cap from Miscellaneous Devices.IntLib
Replace Part C14 Cap in C:\Users\Administrateur.NB-FABLAB1\Desktop\Nicolas LAW\KNOCKLET_BRAC\Copy of MCU_64.SchDoc with Cap from Miscellaneous Devices.IntLib
Replace Part C15 Cap in C:\Users\Administrateur.NB-FABLAB1\Desktop\Nicolas LAW\KNOCKLET_BRAC\Copy of MCU_64.SchDoc with Cap from Miscellaneous Devices.IntLib
Replace Part C19 Cap in C:\Users\Administrateur.NB-FABLAB1\Desktop\Nicolas LAW\KNOCKLET_BRAC\Copy of MCU_64.SchDoc with Cap from Miscellaneous Devices.IntLib
Replace Part C20 Cap in C:\Users\Administrateur.NB-FABLAB1\Desktop\Nicolas LAW\KNOCKLET_BRAC\Copy of MCU_64.SchDoc with Cap from Miscellaneous Devices.IntLib
Replace Part C21 Cap in C:\Users\Administrateur.NB-FABLAB1\Desktop\Nicolas LAW\KNOCKLET_BRAC\Copy of MCU_64.SchDoc with Cap from Miscellaneous Devices.IntLib
Replace Part C22 Cap in C:\Users\Administrateur.NB-FABLAB1\Desktop\Nicolas LAW\KNOCKLET_BRAC\Copy of MCU_64.SchDoc with Cap from Miscellaneous Devices.IntLib
Replace Part C23 Cap in C:\Users\Administrateur.NB-FABLAB1\Desktop\Nicolas LAW\KNOCKLET_BRAC\Copy of MCU_64.SchDoc with Cap from Miscellaneous Devices.IntLib
Replace Part L1 Inductor in C:\Users\Administrateur.NB-FABLAB1\Desktop\Nicolas LAW\KNOCKLET_BRAC\Copy of MCU_64.SchDoc with Inductor from Miscellaneous Devices.IntLib
Replace Part R3 Res1 in C:\Users\Administrateur.NB-FABLAB1\Desktop\Nicolas LAW\KNOCKLET_BRAC\Copy of MCU_64.SchDoc with Res1 from Miscellaneous Devices.IntLib
Replace Part R4 Res1 in C:\Users\Administrateur.NB-FABLAB1\Desktop\Nicolas LAW\KNOCKLET_BRAC\Copy of MCU_64.SchDoc with Res1 from KNOCKLET_BRAC.SchLib
Replace Part R5 Res1 in C:\Users\Administrateur.NB-FABLAB1\Desktop\Nicolas LAW\KNOCKLET_BRAC\Copy of MCU_64.SchDoc with Res1 from KNOCKLET_BRAC.SchLib
Replace Part R6 Res1 in C:\Users\Administrateur.NB-FABLAB1\Desktop\Nicolas LAW\KNOCKLET_BRAC\Copy of MCU_64.SchDoc with Res1 from Miscellaneous Devices.IntLib
Replace Part R7 Res1 in C:\Users\Administrateur.NB-FABLAB1\Desktop\Nicolas LAW\KNOCKLET_BRAC\Copy of MCU_64.SchDoc with Res1 from Miscellaneous Devices.IntLib
Replace Part R8 Res1 in C:\Users\Administrateur.NB-FABLAB1\Desktop\Nicolas LAW\KNOCKLET_BRAC\Copy of MCU_64.SchDoc with Res1 from Miscellaneous Devices.IntLib
Replace Part R9 Res1 in C:\Users\Administrateur.NB-FABLAB1\Desktop\Nicolas LAW\KNOCKLET_BRAC\Copy of MCU_64.SchDoc with Res1 from KNOCKLET_BRAC.SchLib
Replace Part R10 Res1 in C:\Users\Administrateur.NB-FABLAB1\Desktop\Nicolas LAW\KNOCKLET_BRAC\Copy of MCU_64.SchDoc with Res1 from Miscellaneous Devices.IntLib
Replace Part R11 Res1 in C:\Users\Administrateur.NB-FABLAB1\Desktop\Nicolas LAW\KNOCKLET_BRAC\Copy of MCU_64.SchDoc with Res1 from Miscellaneous Devices.IntLib
Replace Part R12 Res1 in C:\Users\Administrateur.NB-FABLAB1\Desktop\Nicolas LAW\KNOCKLET_BRAC\Copy of MCU_64.SchDoc with Res1 from Miscellaneous Devices.IntLib
Replace Part U1 MMA8452QT in C:\Users\Administrateur.NB-FABLAB1\Desktop\Nicolas LAW\KNOCKLET_BRAC\Copy of MCU_64.SchDoc with MMA8452QT from Accelerometres.SchLib
Replace Part U4 SPBTLE-RF in C:\Users\Administrateur.NB-FABLAB1\Desktop\Nicolas LAW\KNOCKLET_BRAC\Copy of MCU_64.SchDoc with SPBTLE-RF from KNOCKLET_BRAC.SchLib
Replace Part X1 MC306 in C:\Users\Administrateur.NB-FABLAB1\Desktop\Nicolas LAW\KNOCKLET_BRAC\Copy of MCU_64.SchDoc with MC306 from KNOCKLET_BRAC.SchLib
