Change Component Designator: Old Designator=C7 New Designator=C1
Change Component Designator: Old Designator=C8 New Designator=C2
Change Component Designator: Old Designator=C9 New Designator=C3
Change Component Designator: Old Designator=C10 New Designator=C4
Change Component Designator: Old Designator=C11 New Designator=C5
Change Component Designator: Old Designator=C12 New Designator=C6
Change Component Designator: Old Designator=C13 New Designator=C7
Change Component Designator: Old Designator=C14 New Designator=C8
Change Component Designator: Old Designator=C15 New Designator=C9
Change Component Designator: Old Designator=C16 New Designator=C10
Change Component Designator: Old Designator=C17 New Designator=C11
Change Component Designator: Old Designator=C18 New Designator=C12
Change Component Designator: Old Designator=C19 New Designator=C13
Change Component Designator: Old Designator=C20 New Designator=C14
Change Component Designator: Old Designator=C21 New Designator=C15
Change Component Designator: Old Designator=C22 New Designator=C16
Change Component Designator: Old Designator=C23 New Designator=C17
Change Component Designator: Old Designator=R3 New Designator=R1
Change Component Designator: Old Designator=R4 New Designator=R2
Change Component Designator: Old Designator=R5 New Designator=R3
Change Component Designator: Old Designator=R6 New Designator=R4
Change Component Designator: Old Designator=R7 New Designator=R5
Change Component Designator: Old Designator=R8 New Designator=R6
Change Component Designator: Old Designator=R9 New Designator=R7
Change Component Designator: Old Designator=R12 New Designator=R10
Change Component Designator: Old Designator=R? New Designator=R8
Change Component Designator: Old Designator=R? New Designator=R9
Change Component Designator: Old Designator=SB4 New Designator=SB1
Change Component Designator: Old Designator=SB6 New Designator=SB2
Change Component Designator: Old Designator=SB7 New Designator=SB3
Change Component Designator: Old Designator=SB16 New Designator=SB4
Change Component Designator: Old Designator=SB17 New Designator=SB5
Change Component Designator: Old Designator=SB18 New Designator=SB6
Change Component Designator: Old Designator=SB19 New Designator=SB7
Change Component Designator: Old Designator=SB20 New Designator=SB8
Change Component Designator: Old Designator=SB21 New Designator=SB9
Change Component Designator: Old Designator=SB22 New Designator=SB10
Change Component Designator: Old Designator=SB23 New Designator=SB11
Change Component Designator: Old Designator=SB24 New Designator=SB12
Change Component Designator: Old Designator=SB25 New Designator=SB13
Change Component Designator: Old Designator=SB26 New Designator=SB14
Change Component Designator: Old Designator=SB27 New Designator=SB15
Change Component Designator: Old Designator=SB28 New Designator=SB16
Change Component Designator: Old Designator=SB29 New Designator=SB17
Change Component Designator: Old Designator=U3 New Designator=U1
Change Component Designator: Old Designator=U3 New Designator=U1
Change Component Designator: Old Designator=U4 New Designator=U2
Change Component Designator: Old Designator=U5 New Designator=U3
