Change Component Designator: Old Designator=C1 New Designator=C13
Change Component Designator: Old Designator=C2 New Designator=C14
Change Component Designator: Old Designator=C3 New Designator=C12
Change Component Designator: Old Designator=C4 New Designator=C11
Change Component Designator: Old Designator=C14 New Designator=C15
Change Component Designator: Old Designator=C15 New Designator=C9
Change Component Designator: Old Designator=C22 New Designator=C18
Change Component Designator: Old Designator=C23 New Designator=C21
Change Component Designator: Old Designator=C24 New Designator=C20
Change Component Designator: Old Designator=C25 New Designator=C16
Change Component Designator: Old Designator=C26 New Designator=C7
Change Component Designator: Old Designator=C27 New Designator=C19
Change Component Designator: Old Designator=C28 New Designator=C22
Change Component Designator: Old Designator=C29 New Designator=C17
Change Component Designator: Old Designator=C30 New Designator=C23
Change Component Designator: Old Designator=C31 New Designator=C8
Change Component Designator: Old Designator=C32 New Designator=C10
Change Component Designator: Old Designator=R1 New Designator=R11
Change Component Designator: Old Designator=R2 New Designator=R10
Change Component Designator: Old Designator=R3 New Designator=R4
Change Component Designator: Old Designator=R4 New Designator=R5
Change Component Designator: Old Designator=R5 New Designator=R9
Change Component Designator: Old Designator=R29 New Designator=R7
Change Component Designator: Old Designator=R30 New Designator=R3
Change Component Designator: Old Designator=R33 New Designator=R12
Change Component Designator: Old Designator=R34 New Designator=R6
Change Component Designator: Old Designator=R36 New Designator=R8
Change Component Designator: Old Designator=SB17 New Designator=SB16
Change Component Designator: Old Designator=SB18 New Designator=SB15
Change Component Designator: Old Designator=SB19 New Designator=SB14
Change Component Designator: Old Designator=SB22 New Designator=SB13
Change Component Designator: Old Designator=SB23 New Designator=SB12
Change Component Designator: Old Designator=SB26 New Designator=SB11
Change Component Designator: Old Designator=SB27 New Designator=SB10
Change Component Designator: Old Designator=SB30 New Designator=SB22
Change Component Designator: Old Designator=SB31 New Designator=SB20
Change Component Designator: Old Designator=SB32 New Designator=SB25
Change Component Designator: Old Designator=SB33 New Designator=SB23
Change Component Designator: Old Designator=SB34 New Designator=SB8
Change Component Designator: Old Designator=SB37 New Designator=SB9
Change Component Designator: Old Designator=SB38 New Designator=SB19
Change Component Designator: Old Designator=SB43 New Designator=SB21
Change Component Designator: Old Designator=SB45 New Designator=SB17
Change Component Designator: Old Designator=SB47 New Designator=SB24
Change Component Designator: Old Designator=SB53 New Designator=SB28
Change Component Designator: Old Designator=SB57 New Designator=SB18
Change Component Designator: Old Designator=SB58 New Designator=SB27
Change Component Designator: Old Designator=SB59 New Designator=SB26
Change Component Designator: Old Designator=SB60 New Designator=SB29
Change Component Designator: Old Designator=SB61 New Designator=SB7
Change Component Designator: Old Designator=SB62 New Designator=SB6
Change Component Designator: Old Designator=SB63 New Designator=SB4
Change Component Designator: Old Designator=SB64 New Designator=SB3
Change Component Designator: Old Designator=SB65 New Designator=SB5
Change Component Designator: Old Designator=U5 New Designator=U3
Change Component Designator: Old Designator=U5 New Designator=U3
Change Component Designator: Old Designator=U* New Designator=U*1
Change Component Designator: Old Designator=U New Designator=U4
Change Component Designator: Old Designator=X2 New Designator=X1
