Replace Part C2 Cap in C:\Users\Administrateur.NB-FABLAB1\Desktop\Nicolas LAW\KNOCKLET_BRAC\Copy of MCU_64.SchDoc with Cap from KNOCKLET_BRAC.SchLib
Replace Part C3 Cap in C:\Users\Administrateur.NB-FABLAB1\Desktop\Nicolas LAW\KNOCKLET_BRAC\Copy of MCU_64.SchDoc with Cap from Miscellaneous Devices.IntLib
Replace Part C4 Cap in C:\Users\Administrateur.NB-FABLAB1\Desktop\Nicolas LAW\KNOCKLET_BRAC\Copy of MCU_64.SchDoc with Cap from KNOCKLET_BRAC.SchLib
Replace Part C5 Cap in C:\Users\Administrateur.NB-FABLAB1\Desktop\Nicolas LAW\KNOCKLET_BRAC\Copy of MCU_64.SchDoc with Cap from KNOCKLET_BRAC.SchLib
Replace Part C6 Cap in C:\Users\Administrateur.NB-FABLAB1\Desktop\Nicolas LAW\KNOCKLET_BRAC\Copy of MCU_64.SchDoc with Cap from Miscellaneous Devices.IntLib
Replace Part C7 Cap in C:\Users\Administrateur.NB-FABLAB1\Desktop\Nicolas LAW\KNOCKLET_BRAC\Copy of MCU_64.SchDoc with Cap from Miscellaneous Devices.IntLib
Replace Part C8 Cap in C:\Users\Administrateur.NB-FABLAB1\Desktop\Nicolas LAW\KNOCKLET_BRAC\Copy of MCU_64.SchDoc with Cap from Miscellaneous Devices.IntLib
Replace Part C9 Cap in C:\Users\Administrateur.NB-FABLAB1\Desktop\Nicolas LAW\KNOCKLET_BRAC\Copy of MCU_64.SchDoc with Cap from Miscellaneous Devices.IntLib
Replace Part C13 Cap in C:\Users\Administrateur.NB-FABLAB1\Desktop\Nicolas LAW\KNOCKLET_BRAC\Copy of MCU_64.SchDoc with Cap from Miscellaneous Devices.IntLib
Replace Part C14 Cap in C:\Users\Administrateur.NB-FABLAB1\Desktop\Nicolas LAW\KNOCKLET_BRAC\Copy of MCU_64.SchDoc with Cap from Miscellaneous Devices.IntLib
Replace Part C15 Cap in C:\Users\Administrateur.NB-FABLAB1\Desktop\Nicolas LAW\KNOCKLET_BRAC\Copy of MCU_64.SchDoc with Cap from Miscellaneous Devices.IntLib
Replace Part C16 Cap in C:\Users\Administrateur.NB-FABLAB1\Desktop\Nicolas LAW\KNOCKLET_BRAC\Copy of MCU_64.SchDoc with Cap from Miscellaneous Devices.IntLib
Replace Part C17 Cap in C:\Users\Administrateur.NB-FABLAB1\Desktop\Nicolas LAW\KNOCKLET_BRAC\Copy of MCU_64.SchDoc with Cap from Miscellaneous Devices.IntLib
Replace Part L1 Inductor in C:\Users\Administrateur.NB-FABLAB1\Desktop\Nicolas LAW\KNOCKLET_BRAC\Copy of MCU_64.SchDoc with Inductor from Miscellaneous Devices.IntLib
Replace Part R1 Res1 in C:\Users\Administrateur.NB-FABLAB1\Desktop\Nicolas LAW\KNOCKLET_BRAC\Copy of MCU_64.SchDoc with Res1 from Miscellaneous Devices.IntLib
Replace Part R2 Res1 in C:\Users\Administrateur.NB-FABLAB1\Desktop\Nicolas LAW\KNOCKLET_BRAC\Copy of MCU_64.SchDoc with Res1 from KNOCKLET_BRAC.SchLib
Replace Part R3 Res1 in C:\Users\Administrateur.NB-FABLAB1\Desktop\Nicolas LAW\KNOCKLET_BRAC\Copy of MCU_64.SchDoc with Res1 from KNOCKLET_BRAC.SchLib
Replace Part R4 Res1 in C:\Users\Administrateur.NB-FABLAB1\Desktop\Nicolas LAW\KNOCKLET_BRAC\Copy of MCU_64.SchDoc with Res1 from Miscellaneous Devices.IntLib
Replace Part R5 Res1 in C:\Users\Administrateur.NB-FABLAB1\Desktop\Nicolas LAW\KNOCKLET_BRAC\Copy of MCU_64.SchDoc with Res1 from Miscellaneous Devices.IntLib
Replace Part R6 Res1 in C:\Users\Administrateur.NB-FABLAB1\Desktop\Nicolas LAW\KNOCKLET_BRAC\Copy of MCU_64.SchDoc with Res1 from Miscellaneous Devices.IntLib
Replace Part R7 Res1 in C:\Users\Administrateur.NB-FABLAB1\Desktop\Nicolas LAW\KNOCKLET_BRAC\Copy of MCU_64.SchDoc with Res1 from KNOCKLET_BRAC.SchLib
Replace Part R8 Res1 in C:\Users\Administrateur.NB-FABLAB1\Desktop\Nicolas LAW\KNOCKLET_BRAC\Copy of MCU_64.SchDoc with Res1 from KNOCKLET_BRAC.SchLib
Replace Part R9 Res1 in C:\Users\Administrateur.NB-FABLAB1\Desktop\Nicolas LAW\KNOCKLET_BRAC\Copy of MCU_64.SchDoc with Res1 from KNOCKLET_BRAC.SchLib
Replace Part R10 Res1 in C:\Users\Administrateur.NB-FABLAB1\Desktop\Nicolas LAW\KNOCKLET_BRAC\Copy of MCU_64.SchDoc with Res1 from Miscellaneous Devices.IntLib
Replace Part U2 SPBTLE-RF in C:\Users\Administrateur.NB-FABLAB1\Desktop\Nicolas LAW\KNOCKLET_BRAC\Copy of MCU_64.SchDoc with SPBTLE-RF from KNOCKLET_BRAC.SchLib
Replace Part U3 MMA8452QT in C:\Users\Administrateur.NB-FABLAB1\Desktop\Nicolas LAW\KNOCKLET_BRAC\Copy of MCU_64.SchDoc with MMA8452QT from Accelerometres.SchLib
Replace Part X1 MC306 in C:\Users\Administrateur.NB-FABLAB1\Desktop\Nicolas LAW\KNOCKLET_BRAC\Copy of MCU_64.SchDoc with MC306 from KNOCKLET_BRAC.SchLib
