Removed Pin From Net: NetName=VDDIO Pin=C11-1
Removed Pin From Net: NetName=AGND Pin=C11-2
Removed Pin From Net: NetName=SPI_IRQ Pin=R7-2
Removed Pin From Net: NetName=VDDIO Pin=U1-1
Change Component Comment : Designator=C11 Old Comment=1uF_X5R_0603 New Comment=100nF
Change Component Designator: OldDesignator=C2 NewDesignator=C3
Change Component Designator: OldDesignator=C3 NewDesignator=C4
Change Component Designator: OldDesignator=C4 NewDesignator=C5
Change Component Designator: OldDesignator=C5 NewDesignator=C2
Change Component Designator: OldDesignator=C6 NewDesignator=C12
Change Component Designator: OldDesignator=C7 NewDesignator=C13
Change Component Designator: OldDesignator=C8 NewDesignator=C14
Change Component Designator: OldDesignator=C9 NewDesignator=C16
Change Component Designator: OldDesignator=C10 NewDesignator=C15
Change Component Designator: OldDesignator=C12 NewDesignator=C18
Change Component Designator: OldDesignator=C13 NewDesignator=C19
Change Component Designator: OldDesignator=C14 NewDesignator=C20
Change Component Designator: OldDesignator=C15 NewDesignator=C21
Change Component Designator: OldDesignator=C16 NewDesignator=C22
Change Component Designator: OldDesignator=C17 NewDesignator=C23
Change Component Designator: OldDesignator=R1 NewDesignator=R3
Change Component Designator: OldDesignator=R2 NewDesignator=R1
Change Component Designator: OldDesignator=R3 NewDesignator=R2
Change Component Designator: OldDesignator=R4 NewDesignator=R5
Change Component Designator: OldDesignator=R5 NewDesignator=R6
Change Component Designator: OldDesignator=R6 NewDesignator=R7
Change Component Designator: OldDesignator=R7 NewDesignator=R4
Change Component Designator: OldDesignator=R8 NewDesignator=R9
Change Component Designator: OldDesignator=R9 NewDesignator=R10
Change Component Designator: OldDesignator=R10 NewDesignator=R11
Change Component Designator: OldDesignator=U3 NewDesignator=U5
Change component parameters (AddParameter): Name = "Manufacturer"; Value = ""; VariantName = "[No Variations]"
Change component parameters (AddParameter): Name = "Price"; Value = ""; VariantName = "[No Variations]"
Change component parameters (AddParameter): Name = "Ref. Manufacturer"; Value = ""; VariantName = "[No Variations]"
Change component parameters (AddParameter): Name = "Ref. Supplier"; Value = ""; VariantName = "[No Variations]"
Change component parameters (AddParameter): Name = "Supplier"; Value = ""; VariantName = "[No Variations]"
Change component parameters (AddParameter): Name = "Value"; Value = "100nF"; VariantName = "[No Variations]"
Change component parameters. Clean all parameters for all variants
Change component parameters (AddParameter): Name = "Manufacturer"; Value = ""; VariantName = "[No Variations]"
Change component parameters (AddParameter): Name = "Price"; Value = ""; VariantName = "[No Variations]"
Change component parameters (AddParameter): Name = "Ref. Manufacturer"; Value = ""; VariantName = "[No Variations]"
Change component parameters (AddParameter): Name = "Ref. Supplier"; Value = ""; VariantName = "[No Variations]"
Change component parameters (AddParameter): Name = "Supplier"; Value = ""; VariantName = "[No Variations]"
Change component parameters (AddParameter): Name = "Value"; Value = "100nF"; VariantName = "[No Variations]"
Add component (AddParameter): Name = "Published"; Value = "8-Jun-2000"; VariantName = "[No Variations]"
Add component (AddParameter): Name = "Publisher"; Value = "Altium Limited"; VariantName = "[No Variations]"
Add component (AddParameter): Name = "Revision"; Value = "July-2002: Re-released for DXP Platform."; VariantName = "[No Variations]"
Add component (AddParameter): Name = "Value"; Value = "10uF"; VariantName = "[No Variations]"
Added Component: Designator=C6(TAN-B)
Add component. Clean all parameters for all variants
Add component (AddParameter): Name = "Published"; Value = "8-Jun-2000"; VariantName = "[No Variations]"
Add component (AddParameter): Name = "Publisher"; Value = "Altium Limited"; VariantName = "[No Variations]"
Add component (AddParameter): Name = "Revision"; Value = "July-2002: Re-released for DXP Platform."; VariantName = "[No Variations]"
Add component (AddParameter): Name = "Value"; Value = "10uF"; VariantName = "[No Variations]"
Add component (AddParameter): Name = "Published"; Value = "8-Jun-2000"; VariantName = "[No Variations]"
Add component (AddParameter): Name = "Publisher"; Value = "Altium Limited"; VariantName = "[No Variations]"
Add component (AddParameter): Name = "Revision"; Value = "July-2002: Re-released for DXP Platform."; VariantName = "[No Variations]"
Add component (AddParameter): Name = "Value"; Value = "10uF"; VariantName = "[No Variations]"
Added Component: Designator=C7(TAN-A)
Add component. Clean all parameters for all variants
Add component (AddParameter): Name = "Published"; Value = "8-Jun-2000"; VariantName = "[No Variations]"
Add component (AddParameter): Name = "Publisher"; Value = "Altium Limited"; VariantName = "[No Variations]"
Add component (AddParameter): Name = "Revision"; Value = "July-2002: Re-released for DXP Platform."; VariantName = "[No Variations]"
Add component (AddParameter): Name = "Value"; Value = "10uF"; VariantName = "[No Variations]"
Add component (AddParameter): Name = "Manufacturer"; Value = ""; VariantName = "[No Variations]"
Add component (AddParameter): Name = "Price"; Value = ""; VariantName = "[No Variations]"
Add component (AddParameter): Name = "Ref. Manufacturer"; Value = ""; VariantName = "[No Variations]"
Add component (AddParameter): Name = "Ref. Supplier"; Value = ""; VariantName = "[No Variations]"
Add component (AddParameter): Name = "Supplier"; Value = ""; VariantName = "[No Variations]"
Add component (AddParameter): Name = "Value"; Value = "1uF"; VariantName = "[No Variations]"
Added Component: Designator=C8(0603[IMP]-CAP)
Add component. Clean all parameters for all variants
Add component (AddParameter): Name = "Manufacturer"; Value = ""; VariantName = "[No Variations]"
Add component (AddParameter): Name = "Price"; Value = ""; VariantName = "[No Variations]"
Add component (AddParameter): Name = "Ref. Manufacturer"; Value = ""; VariantName = "[No Variations]"
Add component (AddParameter): Name = "Ref. Supplier"; Value = ""; VariantName = "[No Variations]"
Add component (AddParameter): Name = "Supplier"; Value = ""; VariantName = "[No Variations]"
Add component (AddParameter): Name = "Value"; Value = "1uF"; VariantName = "[No Variations]"
Add component (AddParameter): Name = "Manufacturer"; Value = ""; VariantName = "[No Variations]"
Add component (AddParameter): Name = "Price"; Value = ""; VariantName = "[No Variations]"
Add component (AddParameter): Name = "Ref. Manufacturer"; Value = ""; VariantName = "[No Variations]"
Add component (AddParameter): Name = "Ref. Supplier"; Value = ""; VariantName = "[No Variations]"
Add component (AddParameter): Name = "Supplier"; Value = ""; VariantName = "[No Variations]"
Add component (AddParameter): Name = "Value"; Value = "1uF"; VariantName = "[No Variations]"
Added Component: Designator=C9(0603[IMP]-CAP)
Add component. Clean all parameters for all variants
Add component (AddParameter): Name = "Manufacturer"; Value = ""; VariantName = "[No Variations]"
Add component (AddParameter): Name = "Price"; Value = ""; VariantName = "[No Variations]"
Add component (AddParameter): Name = "Ref. Manufacturer"; Value = ""; VariantName = "[No Variations]"
Add component (AddParameter): Name = "Ref. Supplier"; Value = ""; VariantName = "[No Variations]"
Add component (AddParameter): Name = "Supplier"; Value = ""; VariantName = "[No Variations]"
Add component (AddParameter): Name = "Value"; Value = "1uF"; VariantName = "[No Variations]"
Add component (AddParameter): Name = "Code_JEDEC"; Value = "DO-214-AA"; VariantName = "[No Variations]"
Add component (AddParameter): Name = "LatestRevisionDate"; Value = "17-Jul-2002"; VariantName = "[No Variations]"
Add component (AddParameter): Name = "LatestRevisionNote"; Value = "Re-released for DXP Platform."; VariantName = "[No Variations]"
Add component (AddParameter): Name = "PackageDescription"; Value = "DO-214-AA/SMB; 2 C-Bend Leads; Body 5.3 x 3.6 mm, inc. leads (LxW)"; VariantName = "[No Variations]"
Add component (AddParameter): Name = "PackageReference"; Value = "SMB"; VariantName = "[No Variations]"
Add component (AddParameter): Name = "Published"; Value = "8-Jun-2000"; VariantName = "[No Variations]"
Add component (AddParameter): Name = "Publisher"; Value = "Altium Limited"; VariantName = "[No Variations]"
Added Component: Designator=D1(SMB)
Add component. Clean all parameters for all variants
Add component (AddParameter): Name = "Code_JEDEC"; Value = "DO-214-AA"; VariantName = "[No Variations]"
Add component (AddParameter): Name = "LatestRevisionDate"; Value = "17-Jul-2002"; VariantName = "[No Variations]"
Add component (AddParameter): Name = "LatestRevisionNote"; Value = "Re-released for DXP Platform."; VariantName = "[No Variations]"
Add component (AddParameter): Name = "PackageDescription"; Value = "DO-214-AA/SMB; 2 C-Bend Leads; Body 5.3 x 3.6 mm, inc. leads (LxW)"; VariantName = "[No Variations]"
Add component (AddParameter): Name = "PackageReference"; Value = "SMB"; VariantName = "[No Variations]"
Add component (AddParameter): Name = "Published"; Value = "8-Jun-2000"; VariantName = "[No Variations]"
Add component (AddParameter): Name = "Publisher"; Value = "Altium Limited"; VariantName = "[No Variations]"
Add component (AddParameter): Name = "LatestRevisionDate"; Value = "17-Jul-2002"; VariantName = "[No Variations]"
Add component (AddParameter): Name = "LatestRevisionNote"; Value = "Re-released for DXP Platform."; VariantName = "[No Variations]"
Add component (AddParameter): Name = "Publisher"; Value = "Altium Limited"; VariantName = "[No Variations]"
Added Component: Designator=P1(HDR1X3)
Add component. Clean all parameters for all variants
Add component (AddParameter): Name = "LatestRevisionDate"; Value = "17-Jul-2002"; VariantName = "[No Variations]"
Add component (AddParameter): Name = "LatestRevisionNote"; Value = "Re-released for DXP Platform."; VariantName = "[No Variations]"
Add component (AddParameter): Name = "Publisher"; Value = "Altium Limited"; VariantName = "[No Variations]"
Add component (AddParameter): Name = "LatestRevisionDate"; Value = "17-Jul-2002"; VariantName = "[No Variations]"
Add component (AddParameter): Name = "LatestRevisionNote"; Value = "Re-released for DXP Platform."; VariantName = "[No Variations]"
Add component (AddParameter): Name = "Publisher"; Value = "Altium Limited"; VariantName = "[No Variations]"
Added Component: Designator=P2(HDR1X2)
Add component. Clean all parameters for all variants
Add component (AddParameter): Name = "LatestRevisionDate"; Value = "17-Jul-2002"; VariantName = "[No Variations]"
Add component (AddParameter): Name = "LatestRevisionNote"; Value = "Re-released for DXP Platform."; VariantName = "[No Variations]"
Add component (AddParameter): Name = "Publisher"; Value = "Altium Limited"; VariantName = "[No Variations]"
Add component (AddParameter): Name = "LatestRevisionDate"; Value = "17-Jul-2002"; VariantName = "[No Variations]"
Add component (AddParameter): Name = "LatestRevisionNote"; Value = "Re-released for DXP Platform."; VariantName = "[No Variations]"
Add component (AddParameter): Name = "PackageDescription"; Value = "Axial Device, Thru-Hole; 2 Leads; 0.3 in Pin Spacing"; VariantName = "[No Variations]"
Add component (AddParameter): Name = "PackageReference"; Value = "AXIAL-0.3"; VariantName = "[No Variations]"
Add component (AddParameter): Name = "Published"; Value = "8-Jun-2000"; VariantName = "[No Variations]"
Add component (AddParameter): Name = "Publisher"; Value = "Altium Limited"; VariantName = "[No Variations]"
Add component (AddParameter): Name = "Value"; Value = "1K"; VariantName = "[No Variations]"
Added Component: Designator=R8(0402[IMP]-RES)
Add component. Clean all parameters for all variants
Add component (AddParameter): Name = "LatestRevisionDate"; Value = "17-Jul-2002"; VariantName = "[No Variations]"
Add component (AddParameter): Name = "LatestRevisionNote"; Value = "Re-released for DXP Platform."; VariantName = "[No Variations]"
Add component (AddParameter): Name = "PackageDescription"; Value = "Axial Device, Thru-Hole; 2 Leads; 0.3 in Pin Spacing"; VariantName = "[No Variations]"
Add component (AddParameter): Name = "PackageReference"; Value = "AXIAL-0.3"; VariantName = "[No Variations]"
Add component (AddParameter): Name = "Published"; Value = "8-Jun-2000"; VariantName = "[No Variations]"
Add component (AddParameter): Name = "Publisher"; Value = "Altium Limited"; VariantName = "[No Variations]"
Add component (AddParameter): Name = "Value"; Value = "1K"; VariantName = "[No Variations]"
Add component (AddParameter): Name = "LatestRevisionDate"; Value = "17-Jul-2002"; VariantName = "[No Variations]"
Add component (AddParameter): Name = "LatestRevisionNote"; Value = "Re-released for DXP Platform."; VariantName = "[No Variations]"
Add component (AddParameter): Name = "PackageDescription"; Value = "Switch; 2 Leads"; VariantName = "[No Variations]"
Add component (AddParameter): Name = "PackageReference"; Value = "SPST-2"; VariantName = "[No Variations]"
Add component (AddParameter): Name = "Published"; Value = "24-Mar-1999"; VariantName = "[No Variations]"
Add component (AddParameter): Name = "Publisher"; Value = "Altium Limited"; VariantName = "[No Variations]"
Added Component: Designator=S1(SPST-2)
Add component. Clean all parameters for all variants
Add component (AddParameter): Name = "LatestRevisionDate"; Value = "17-Jul-2002"; VariantName = "[No Variations]"
Add component (AddParameter): Name = "LatestRevisionNote"; Value = "Re-released for DXP Platform."; VariantName = "[No Variations]"
Add component (AddParameter): Name = "PackageDescription"; Value = "Switch; 2 Leads"; VariantName = "[No Variations]"
Add component (AddParameter): Name = "PackageReference"; Value = "SPST-2"; VariantName = "[No Variations]"
Add component (AddParameter): Name = "Published"; Value = "24-Mar-1999"; VariantName = "[No Variations]"
Add component (AddParameter): Name = "Publisher"; Value = "Altium Limited"; VariantName = "[No Variations]"
Added Component: Designator=U3(SOT223_N)
Add component. Clean all parameters for all variants
Added Pin To Net: NetName=AGND Pin=C6-2
Added Pin To Net: NetName=AGND Pin=C7-2
Added Pin To Net: NetName=AGND Pin=C8-2
Added Pin To Net: NetName=AGND Pin=C9-2
Added Pin To Net: NetName=AGND Pin=C11-1
Added Pin To Net: NetName=PA13 Pin=P1-1
Added Pin To Net: NetName=PA14 Pin=P1-2
Added Pin To Net: NetName=AGND Pin=P2-2
Added Pin To Net: NetName=SPI_IRQ Pin=R4-1
Added Pin To Net: NetName=AGND Pin=U3-1
Change Net Name : Old Net Name=NetC2_2 New Net Name=NetC3_2
Change Net Name : Old Net Name=NetC3_1 New Net Name=NetC4_1
Change Net Name : Old Net Name=NetC4_2 New Net Name=NetC5_2
Change Net Name : Old Net Name=NetC10_1 New Net Name=NetC15_1
Change Net Name : Old Net Name=NetC12_1 New Net Name=NetC18_1
Change Net Name : Old Net Name=NetR2_1 New Net Name=NetR1_1
Change Net Name : Old Net Name=NetR3_1 New Net Name=NetR2_1
Change Net Name : Old Net Name=PA13 New Net Name=SWDIO
Change Net Name : Old Net Name=PA14 New Net Name=SWCLK
Change Net Name : Old Net Name=VDDIO New Net Name=VDD
Added Pin To Net: NetName=+3V3 Pin=C9-1
Added Pin To Net: NetName=+3V3 Pin=C11-2
Added Net: Name=+3V3
Added Pin To Net: NetName=BOOT0 Pin=P1-3
Added Pin To Net: NetName=BOOT0 Pin=R11-1
Added Pin To Net: NetName=BOOT0 Pin=U1-60
Added Net: Name=BOOT0
Added Pin To Net: NetName=E5V Pin=C8-1
Added Pin To Net: NetName=E5V Pin=D1-2
Added Pin To Net: NetName=E5V Pin=R8-2
Added Net: Name=E5V
Added Pin To Net: NetName=NetC6_1 Pin=C6-1
Added Pin To Net: NetName=NetC6_1 Pin=S1-2
Added Pin To Net: NetName=NetC6_1 Pin=U3-3
Added Net: Name=NetC6_1
Added Pin To Net: NetName=NetC7_1 Pin=C7-1
Added Pin To Net: NetName=NetC7_1 Pin=D1-1
Added Pin To Net: NetName=NetC7_1 Pin=U3-2
Added Pin To Net: NetName=NetC7_1 Pin=U3-4
Added Net: Name=NetC7_1
Added Pin To Net: NetName=NetLD1_1 Pin=R8-1
Added Net: Name=NetLD1_1
Added Pin To Net: NetName=VIN Pin=P2-1
Added Pin To Net: NetName=VIN Pin=S1-1
Added Net: Name=VIN
Added Member To Class: ClassName=Copy of MCU_64 Member=Component C18 2.2uF
Added Member To Class: ClassName=Copy of MCU_64 Member=Component C19 Cap
Added Member To Class: ClassName=Copy of MCU_64 Member=Component C20 Cap
Added Member To Class: ClassName=Copy of MCU_64 Member=Component C21 Cap
Added Member To Class: ClassName=Copy of MCU_64 Member=Component C22 Cap
Added Member To Class: ClassName=Copy of MCU_64 Member=Component D1 
Added Member To Class: ClassName=Copy of MCU_64 Member=Component P1 Header 3
Added Member To Class: ClassName=Copy of MCU_64 Member=Component P2 Header 2
Added Member To Class: ClassName=Copy of MCU_64 Member=Component R11 Res1
Added Member To Class: ClassName=Copy of MCU_64 Member=Component S1 SW-PB
Added Member To Class: ClassName=Copy of MCU_64 Member=Component U5 MMA8452QT
