Added Component: Designator=B1(SW_Wurth_430481035816)
Add component. Clean all parameters for all variants
Added Component: Designator=B2(SW_Wurth_430481035816)
Add component. Clean all parameters for all variants
Add component (AddParameter): Name = "Manuf_1"; Value = "YAGEO"; VariantName = "[No Variations]"
Add component (AddParameter): Name = "Manuf_Part_1"; Value = "CC0805KKX7R7BB225"; VariantName = "[No Variations]"
Add component (AddParameter): Name = "Order"; Value = "CC0805KKX7R7BB225"; VariantName = "[No Variations]"
Add component (AddParameter): Name = "Revision"; Value = "July-2002: Re-released for DXP Platform."; VariantName = "[No Variations]"
Add component (AddParameter): Name = "Value"; Value = "2.2uF"; VariantName = "[No Variations]"
Added Component: Designator=C1(TAN-A)
Add component. Clean all parameters for all variants
Add component (AddParameter): Name = "Manuf_1"; Value = "YAGEO"; VariantName = "[No Variations]"
Add component (AddParameter): Name = "Manuf_Part_1"; Value = "CC0805KKX7R7BB225"; VariantName = "[No Variations]"
Add component (AddParameter): Name = "Order"; Value = "CC0805KKX7R7BB225"; VariantName = "[No Variations]"
Add component (AddParameter): Name = "Revision"; Value = "July-2002: Re-released for DXP Platform."; VariantName = "[No Variations]"
Add component (AddParameter): Name = "Value"; Value = "2.2uF"; VariantName = "[No Variations]"
Add component (AddParameter): Name = "Manufacturer"; Value = ""; VariantName = "[No Variations]"
Add component (AddParameter): Name = "Price"; Value = ""; VariantName = "[No Variations]"
Add component (AddParameter): Name = "Ref. Manufacturer"; Value = ""; VariantName = "[No Variations]"
Add component (AddParameter): Name = "Ref. Supplier"; Value = ""; VariantName = "[No Variations]"
Add component (AddParameter): Name = "Supplier"; Value = ""; VariantName = "[No Variations]"
Add component (AddParameter): Name = "Value"; Value = "4.3pF"; VariantName = "[No Variations]"
Added Component: Designator=C2(0603[IMP]-CAP)
Add component. Clean all parameters for all variants
Add component (AddParameter): Name = "Manufacturer"; Value = ""; VariantName = "[No Variations]"
Add component (AddParameter): Name = "Price"; Value = ""; VariantName = "[No Variations]"
Add component (AddParameter): Name = "Ref. Manufacturer"; Value = ""; VariantName = "[No Variations]"
Add component (AddParameter): Name = "Ref. Supplier"; Value = ""; VariantName = "[No Variations]"
Add component (AddParameter): Name = "Supplier"; Value = ""; VariantName = "[No Variations]"
Add component (AddParameter): Name = "Value"; Value = "4.3pF"; VariantName = "[No Variations]"
Add component (AddParameter): Name = "Manufacturer"; Value = ""; VariantName = "[No Variations]"
Add component (AddParameter): Name = "Price"; Value = ""; VariantName = "[No Variations]"
Add component (AddParameter): Name = "Ref. Manufacturer"; Value = ""; VariantName = "[No Variations]"
Add component (AddParameter): Name = "Ref. Supplier"; Value = ""; VariantName = "[No Variations]"
Add component (AddParameter): Name = "Supplier"; Value = ""; VariantName = "[No Variations]"
Add component (AddParameter): Name = "Value"; Value = "100nF"; VariantName = "[No Variations]"
Added Component: Designator=C3(0603[IMP]-CAP)
Add component. Clean all parameters for all variants
Add component (AddParameter): Name = "Manufacturer"; Value = ""; VariantName = "[No Variations]"
Add component (AddParameter): Name = "Price"; Value = ""; VariantName = "[No Variations]"
Add component (AddParameter): Name = "Ref. Manufacturer"; Value = ""; VariantName = "[No Variations]"
Add component (AddParameter): Name = "Ref. Supplier"; Value = ""; VariantName = "[No Variations]"
Add component (AddParameter): Name = "Supplier"; Value = ""; VariantName = "[No Variations]"
Add component (AddParameter): Name = "Value"; Value = "100nF"; VariantName = "[No Variations]"
Add component (AddParameter): Name = "Manufacturer"; Value = ""; VariantName = "[No Variations]"
Add component (AddParameter): Name = "Price"; Value = ""; VariantName = "[No Variations]"
Add component (AddParameter): Name = "Ref. Manufacturer"; Value = ""; VariantName = "[No Variations]"
Add component (AddParameter): Name = "Ref. Supplier"; Value = ""; VariantName = "[No Variations]"
Add component (AddParameter): Name = "Supplier"; Value = ""; VariantName = "[No Variations]"
Add component (AddParameter): Name = "Value"; Value = "4.3pF"; VariantName = "[No Variations]"
Added Component: Designator=C4(0603[IMP]-CAP)
Add component. Clean all parameters for all variants
Add component (AddParameter): Name = "Manufacturer"; Value = ""; VariantName = "[No Variations]"
Add component (AddParameter): Name = "Price"; Value = ""; VariantName = "[No Variations]"
Add component (AddParameter): Name = "Ref. Manufacturer"; Value = ""; VariantName = "[No Variations]"
Add component (AddParameter): Name = "Ref. Supplier"; Value = ""; VariantName = "[No Variations]"
Add component (AddParameter): Name = "Supplier"; Value = ""; VariantName = "[No Variations]"
Add component (AddParameter): Name = "Value"; Value = "4.3pF"; VariantName = "[No Variations]"
Add component (AddParameter): Name = "Manufacturer"; Value = ""; VariantName = "[No Variations]"
Add component (AddParameter): Name = "Price"; Value = ""; VariantName = "[No Variations]"
Add component (AddParameter): Name = "Ref. Manufacturer"; Value = ""; VariantName = "[No Variations]"
Add component (AddParameter): Name = "Ref. Supplier"; Value = ""; VariantName = "[No Variations]"
Add component (AddParameter): Name = "Supplier"; Value = ""; VariantName = "[No Variations]"
Add component (AddParameter): Name = "Value"; Value = "1uF"; VariantName = "[No Variations]"
Added Component: Designator=C5(0603[IMP]-CAP)
Add component. Clean all parameters for all variants
Add component (AddParameter): Name = "Manufacturer"; Value = ""; VariantName = "[No Variations]"
Add component (AddParameter): Name = "Price"; Value = ""; VariantName = "[No Variations]"
Add component (AddParameter): Name = "Ref. Manufacturer"; Value = ""; VariantName = "[No Variations]"
Add component (AddParameter): Name = "Ref. Supplier"; Value = ""; VariantName = "[No Variations]"
Add component (AddParameter): Name = "Supplier"; Value = ""; VariantName = "[No Variations]"
Add component (AddParameter): Name = "Value"; Value = "1uF"; VariantName = "[No Variations]"
Add component (AddParameter): Name = "Manufacturer"; Value = ""; VariantName = "[No Variations]"
Add component (AddParameter): Name = "Price"; Value = ""; VariantName = "[No Variations]"
Add component (AddParameter): Name = "Ref. Manufacturer"; Value = ""; VariantName = "[No Variations]"
Add component (AddParameter): Name = "Ref. Supplier"; Value = ""; VariantName = "[No Variations]"
Add component (AddParameter): Name = "Supplier"; Value = ""; VariantName = "[No Variations]"
Add component (AddParameter): Name = "Value"; Value = "4.7uF"; VariantName = "[No Variations]"
Added Component: Designator=C6(0603[IMP]-CAP)
Add component. Clean all parameters for all variants
Add component (AddParameter): Name = "Manufacturer"; Value = ""; VariantName = "[No Variations]"
Add component (AddParameter): Name = "Price"; Value = ""; VariantName = "[No Variations]"
Add component (AddParameter): Name = "Ref. Manufacturer"; Value = ""; VariantName = "[No Variations]"
Add component (AddParameter): Name = "Ref. Supplier"; Value = ""; VariantName = "[No Variations]"
Add component (AddParameter): Name = "Supplier"; Value = ""; VariantName = "[No Variations]"
Add component (AddParameter): Name = "Value"; Value = "4.7uF"; VariantName = "[No Variations]"
Add component (AddParameter): Name = "Manufacturer"; Value = ""; VariantName = "[No Variations]"
Add component (AddParameter): Name = "Price"; Value = ""; VariantName = "[No Variations]"
Add component (AddParameter): Name = "Ref. Manufacturer"; Value = ""; VariantName = "[No Variations]"
Add component (AddParameter): Name = "Ref. Supplier"; Value = ""; VariantName = "[No Variations]"
Add component (AddParameter): Name = "Supplier"; Value = ""; VariantName = "[No Variations]"
Add component (AddParameter): Name = "Value"; Value = "0.1uF"; VariantName = "[No Variations]"
Added Component: Designator=C7(0603[IMP]-CAP)
Add component. Clean all parameters for all variants
Add component (AddParameter): Name = "Manufacturer"; Value = ""; VariantName = "[No Variations]"
Add component (AddParameter): Name = "Price"; Value = ""; VariantName = "[No Variations]"
Add component (AddParameter): Name = "Ref. Manufacturer"; Value = ""; VariantName = "[No Variations]"
Add component (AddParameter): Name = "Ref. Supplier"; Value = ""; VariantName = "[No Variations]"
Add component (AddParameter): Name = "Supplier"; Value = ""; VariantName = "[No Variations]"
Add component (AddParameter): Name = "Value"; Value = "0.1uF"; VariantName = "[No Variations]"
Add component (AddParameter): Name = "Manufacturer"; Value = ""; VariantName = "[No Variations]"
Add component (AddParameter): Name = "Price"; Value = ""; VariantName = "[No Variations]"
Add component (AddParameter): Name = "Ref. Manufacturer"; Value = ""; VariantName = "[No Variations]"
Add component (AddParameter): Name = "Ref. Supplier"; Value = ""; VariantName = "[No Variations]"
Add component (AddParameter): Name = "Supplier"; Value = ""; VariantName = "[No Variations]"
Add component (AddParameter): Name = "Value"; Value = "0.1uF"; VariantName = "[No Variations]"
Added Component: Designator=C8(0603[IMP]-CAP)
Add component. Clean all parameters for all variants
Add component (AddParameter): Name = "Manufacturer"; Value = ""; VariantName = "[No Variations]"
Add component (AddParameter): Name = "Price"; Value = ""; VariantName = "[No Variations]"
Add component (AddParameter): Name = "Ref. Manufacturer"; Value = ""; VariantName = "[No Variations]"
Add component (AddParameter): Name = "Ref. Supplier"; Value = ""; VariantName = "[No Variations]"
Add component (AddParameter): Name = "Supplier"; Value = ""; VariantName = "[No Variations]"
Add component (AddParameter): Name = "Value"; Value = "0.1uF"; VariantName = "[No Variations]"
Add component (AddParameter): Name = "Manufacturer"; Value = ""; VariantName = "[No Variations]"
Add component (AddParameter): Name = "Price"; Value = ""; VariantName = "[No Variations]"
Add component (AddParameter): Name = "Ref. Manufacturer"; Value = ""; VariantName = "[No Variations]"
Add component (AddParameter): Name = "Ref. Supplier"; Value = ""; VariantName = "[No Variations]"
Add component (AddParameter): Name = "Supplier"; Value = ""; VariantName = "[No Variations]"
Add component (AddParameter): Name = "Value"; Value = "100nF"; VariantName = "[No Variations]"
Added Component: Designator=C9(0603[IMP]-CAP)
Add component. Clean all parameters for all variants
Add component (AddParameter): Name = "Manufacturer"; Value = ""; VariantName = "[No Variations]"
Add component (AddParameter): Name = "Price"; Value = ""; VariantName = "[No Variations]"
Add component (AddParameter): Name = "Ref. Manufacturer"; Value = ""; VariantName = "[No Variations]"
Add component (AddParameter): Name = "Ref. Supplier"; Value = ""; VariantName = "[No Variations]"
Add component (AddParameter): Name = "Supplier"; Value = ""; VariantName = "[No Variations]"
Add component (AddParameter): Name = "Value"; Value = "100nF"; VariantName = "[No Variations]"
Add component (AddParameter): Name = "Manuf_1"; Value = "YAGEO"; VariantName = "[No Variations]"
Add component (AddParameter): Name = "Manuf_Part_1"; Value = "CC0805KKX7R7BB225"; VariantName = "[No Variations]"
Add component (AddParameter): Name = "Order"; Value = "CC0805KKX7R7BB225"; VariantName = "[No Variations]"
Add component (AddParameter): Name = "Revision"; Value = "July-2002: Re-released for DXP Platform."; VariantName = "[No Variations]"
Add component (AddParameter): Name = "Value"; Value = "2.2uF"; VariantName = "[No Variations]"
Added Component: Designator=C10(TAN-A)
Add component. Clean all parameters for all variants
Add component (AddParameter): Name = "Manuf_1"; Value = "YAGEO"; VariantName = "[No Variations]"
Add component (AddParameter): Name = "Manuf_Part_1"; Value = "CC0805KKX7R7BB225"; VariantName = "[No Variations]"
Add component (AddParameter): Name = "Order"; Value = "CC0805KKX7R7BB225"; VariantName = "[No Variations]"
Add component (AddParameter): Name = "Revision"; Value = "July-2002: Re-released for DXP Platform."; VariantName = "[No Variations]"
Add component (AddParameter): Name = "Value"; Value = "2.2uF"; VariantName = "[No Variations]"
Add component (AddParameter): Name = "Manufacturer"; Value = ""; VariantName = "[No Variations]"
Add component (AddParameter): Name = "Manufacturer P/N"; Value = ""; VariantName = "[No Variations]"
Add component (AddParameter): Name = "Order code Farnell"; Value = "1288202RL"; VariantName = "[No Variations]"
Add component (AddParameter): Name = "Order code RS"; Value = ""; VariantName = "[No Variations]"
Add component (AddParameter): Name = "Power"; Value = ""; VariantName = "[No Variations]"
Add component (AddParameter): Name = "Rated voltage"; Value = "25V"; VariantName = "[No Variations]"
Add component (AddParameter): Name = "STS Code"; Value = ""; VariantName = "[No Variations]"
Add component (AddParameter): Name = "Technology"; Value = "X5R"; VariantName = "[No Variations]"
Add component (AddParameter): Name = "Temperature  Factor"; Value = ""; VariantName = "[No Variations]"
Add component (AddParameter): Name = "Temperature Max"; Value = "+125°C"; VariantName = "[No Variations]"
Add component (AddParameter): Name = "Temperature Min"; Value = "-55°C"; VariantName = "[No Variations]"
Add component (AddParameter): Name = "Tolerance"; Value = "10%"; VariantName = "[No Variations]"
Add component (AddParameter): Name = "Value"; Value = "1µF"; VariantName = "[No Variations]"
Added Component: Designator=C11(0603[IMP]-CAP)
Add component. Clean all parameters for all variants
Add component (AddParameter): Name = "Manufacturer"; Value = ""; VariantName = "[No Variations]"
Add component (AddParameter): Name = "Manufacturer P/N"; Value = ""; VariantName = "[No Variations]"
Add component (AddParameter): Name = "Order code Farnell"; Value = "1288202RL"; VariantName = "[No Variations]"
Add component (AddParameter): Name = "Order code RS"; Value = ""; VariantName = "[No Variations]"
Add component (AddParameter): Name = "Power"; Value = ""; VariantName = "[No Variations]"
Add component (AddParameter): Name = "Rated voltage"; Value = "25V"; VariantName = "[No Variations]"
Add component (AddParameter): Name = "STS Code"; Value = ""; VariantName = "[No Variations]"
Add component (AddParameter): Name = "Technology"; Value = "X5R"; VariantName = "[No Variations]"
Add component (AddParameter): Name = "Temperature  Factor"; Value = ""; VariantName = "[No Variations]"
Add component (AddParameter): Name = "Temperature Max"; Value = "+125°C"; VariantName = "[No Variations]"
Add component (AddParameter): Name = "Temperature Min"; Value = "-55°C"; VariantName = "[No Variations]"
Add component (AddParameter): Name = "Tolerance"; Value = "10%"; VariantName = "[No Variations]"
Add component (AddParameter): Name = "Value"; Value = "1µF"; VariantName = "[No Variations]"
Add component (AddParameter): Name = "Manuf_1"; Value = "YAGEO"; VariantName = "[No Variations]"
Add component (AddParameter): Name = "Manuf_Part_1"; Value = "CC0805KKX7R7BB225"; VariantName = "[No Variations]"
Add component (AddParameter): Name = "Order"; Value = "CC0805KKX7R7BB225"; VariantName = "[No Variations]"
Add component (AddParameter): Name = "Revision"; Value = "July-2002: Re-released for DXP Platform."; VariantName = "[No Variations]"
Add component (AddParameter): Name = "Value"; Value = "2.2uF"; VariantName = "[No Variations]"
Added Component: Designator=C12(TAN-A)
Add component. Clean all parameters for all variants
Add component (AddParameter): Name = "Manuf_1"; Value = "YAGEO"; VariantName = "[No Variations]"
Add component (AddParameter): Name = "Manuf_Part_1"; Value = "CC0805KKX7R7BB225"; VariantName = "[No Variations]"
Add component (AddParameter): Name = "Order"; Value = "CC0805KKX7R7BB225"; VariantName = "[No Variations]"
Add component (AddParameter): Name = "Revision"; Value = "July-2002: Re-released for DXP Platform."; VariantName = "[No Variations]"
Add component (AddParameter): Name = "Value"; Value = "2.2uF"; VariantName = "[No Variations]"
Add component (AddParameter): Name = "Manufacturer"; Value = ""; VariantName = "[No Variations]"
Add component (AddParameter): Name = "Price"; Value = ""; VariantName = "[No Variations]"
Add component (AddParameter): Name = "Ref. Manufacturer"; Value = ""; VariantName = "[No Variations]"
Add component (AddParameter): Name = "Ref. Supplier"; Value = ""; VariantName = "[No Variations]"
Add component (AddParameter): Name = "Supplier"; Value = ""; VariantName = "[No Variations]"
Add component (AddParameter): Name = "Value"; Value = "100nF"; VariantName = "[No Variations]"
Added Component: Designator=C13(0603[IMP]-CAP)
Add component. Clean all parameters for all variants
Add component (AddParameter): Name = "Manufacturer"; Value = ""; VariantName = "[No Variations]"
Add component (AddParameter): Name = "Price"; Value = ""; VariantName = "[No Variations]"
Add component (AddParameter): Name = "Ref. Manufacturer"; Value = ""; VariantName = "[No Variations]"
Add component (AddParameter): Name = "Ref. Supplier"; Value = ""; VariantName = "[No Variations]"
Add component (AddParameter): Name = "Supplier"; Value = ""; VariantName = "[No Variations]"
Add component (AddParameter): Name = "Value"; Value = "100nF"; VariantName = "[No Variations]"
Add component (AddParameter): Name = "Manufacturer"; Value = ""; VariantName = "[No Variations]"
Add component (AddParameter): Name = "Price"; Value = ""; VariantName = "[No Variations]"
Add component (AddParameter): Name = "Ref. Manufacturer"; Value = ""; VariantName = "[No Variations]"
Add component (AddParameter): Name = "Ref. Supplier"; Value = ""; VariantName = "[No Variations]"
Add component (AddParameter): Name = "Supplier"; Value = ""; VariantName = "[No Variations]"
Add component (AddParameter): Name = "Value"; Value = "100nF"; VariantName = "[No Variations]"
Added Component: Designator=C14(0603[IMP]-CAP)
Add component. Clean all parameters for all variants
Add component (AddParameter): Name = "Manufacturer"; Value = ""; VariantName = "[No Variations]"
Add component (AddParameter): Name = "Price"; Value = ""; VariantName = "[No Variations]"
Add component (AddParameter): Name = "Ref. Manufacturer"; Value = ""; VariantName = "[No Variations]"
Add component (AddParameter): Name = "Ref. Supplier"; Value = ""; VariantName = "[No Variations]"
Add component (AddParameter): Name = "Supplier"; Value = ""; VariantName = "[No Variations]"
Add component (AddParameter): Name = "Value"; Value = "100nF"; VariantName = "[No Variations]"
Add component (AddParameter): Name = "Manufacturer"; Value = ""; VariantName = "[No Variations]"
Add component (AddParameter): Name = "Price"; Value = ""; VariantName = "[No Variations]"
Add component (AddParameter): Name = "Ref. Manufacturer"; Value = ""; VariantName = "[No Variations]"
Add component (AddParameter): Name = "Ref. Supplier"; Value = ""; VariantName = "[No Variations]"
Add component (AddParameter): Name = "Supplier"; Value = ""; VariantName = "[No Variations]"
Add component (AddParameter): Name = "Value"; Value = "100nF"; VariantName = "[No Variations]"
Added Component: Designator=C15(0603[IMP]-CAP)
Add component. Clean all parameters for all variants
Add component (AddParameter): Name = "Manufacturer"; Value = ""; VariantName = "[No Variations]"
Add component (AddParameter): Name = "Price"; Value = ""; VariantName = "[No Variations]"
Add component (AddParameter): Name = "Ref. Manufacturer"; Value = ""; VariantName = "[No Variations]"
Add component (AddParameter): Name = "Ref. Supplier"; Value = ""; VariantName = "[No Variations]"
Add component (AddParameter): Name = "Supplier"; Value = ""; VariantName = "[No Variations]"
Add component (AddParameter): Name = "Value"; Value = "100nF"; VariantName = "[No Variations]"
Add component (AddParameter): Name = "Manufacturer"; Value = ""; VariantName = "[No Variations]"
Add component (AddParameter): Name = "Price"; Value = ""; VariantName = "[No Variations]"
Add component (AddParameter): Name = "Ref. Manufacturer"; Value = ""; VariantName = "[No Variations]"
Add component (AddParameter): Name = "Ref. Supplier"; Value = ""; VariantName = "[No Variations]"
Add component (AddParameter): Name = "Supplier"; Value = ""; VariantName = "[No Variations]"
Add component (AddParameter): Name = "Value"; Value = "100nF"; VariantName = "[No Variations]"
Added Component: Designator=C16(0603[IMP]-CAP)
Add component. Clean all parameters for all variants
Add component (AddParameter): Name = "Manufacturer"; Value = ""; VariantName = "[No Variations]"
Add component (AddParameter): Name = "Price"; Value = ""; VariantName = "[No Variations]"
Add component (AddParameter): Name = "Ref. Manufacturer"; Value = ""; VariantName = "[No Variations]"
Add component (AddParameter): Name = "Ref. Supplier"; Value = ""; VariantName = "[No Variations]"
Add component (AddParameter): Name = "Supplier"; Value = ""; VariantName = "[No Variations]"
Add component (AddParameter): Name = "Value"; Value = "100nF"; VariantName = "[No Variations]"
Add component (AddParameter): Name = "Manufacturer"; Value = ""; VariantName = "[No Variations]"
Add component (AddParameter): Name = "Price"; Value = ""; VariantName = "[No Variations]"
Add component (AddParameter): Name = "Ref. Manufacturer"; Value = ""; VariantName = "[No Variations]"
Add component (AddParameter): Name = "Ref. Supplier"; Value = ""; VariantName = "[No Variations]"
Add component (AddParameter): Name = "Supplier"; Value = ""; VariantName = "[No Variations]"
Add component (AddParameter): Name = "Value"; Value = "100nF"; VariantName = "[No Variations]"
Added Component: Designator=C17(0603[IMP]-CAP)
Add component. Clean all parameters for all variants
Add component (AddParameter): Name = "Manufacturer"; Value = ""; VariantName = "[No Variations]"
Add component (AddParameter): Name = "Price"; Value = ""; VariantName = "[No Variations]"
Add component (AddParameter): Name = "Ref. Manufacturer"; Value = ""; VariantName = "[No Variations]"
Add component (AddParameter): Name = "Ref. Supplier"; Value = ""; VariantName = "[No Variations]"
Add component (AddParameter): Name = "Supplier"; Value = ""; VariantName = "[No Variations]"
Add component (AddParameter): Name = "Value"; Value = "100nF"; VariantName = "[No Variations]"
Add component (AddParameter): Name = "Code_IEC"; Value = "1005"; VariantName = "[No Variations]"
Add component (AddParameter): Name = "Code_JEITA"; Value = "0402"; VariantName = "[No Variations]"
Add component (AddParameter): Name = "LatestRevisionDate"; Value = "29-May-2009"; VariantName = "[No Variations]"
Add component (AddParameter): Name = "LatestRevisionNote"; Value = "IPC-7351 Footprint Added."; VariantName = "[No Variations]"
Add component (AddParameter): Name = "PackageDescription"; Value = "Chip Inductor"; VariantName = "[No Variations]"
Add component (AddParameter): Name = "PackageReference"; Value = "0402-A"; VariantName = "[No Variations]"
Add component (AddParameter): Name = "Published"; Value = "8-Jun-2000"; VariantName = "[No Variations]"
Add component (AddParameter): Name = "Publisher"; Value = "Altium Limited"; VariantName = "[No Variations]"
Add component (AddParameter): Name = "Value"; Value = "10mH"; VariantName = "[No Variations]"
Added Component: Designator=L1(0603[IMP]-CAP)
Add component. Clean all parameters for all variants
Add component (AddParameter): Name = "Code_IEC"; Value = "1005"; VariantName = "[No Variations]"
Add component (AddParameter): Name = "Code_JEITA"; Value = "0402"; VariantName = "[No Variations]"
Add component (AddParameter): Name = "LatestRevisionDate"; Value = "29-May-2009"; VariantName = "[No Variations]"
Add component (AddParameter): Name = "LatestRevisionNote"; Value = "IPC-7351 Footprint Added."; VariantName = "[No Variations]"
Add component (AddParameter): Name = "PackageDescription"; Value = "Chip Inductor"; VariantName = "[No Variations]"
Add component (AddParameter): Name = "PackageReference"; Value = "0402-A"; VariantName = "[No Variations]"
Add component (AddParameter): Name = "Published"; Value = "8-Jun-2000"; VariantName = "[No Variations]"
Add component (AddParameter): Name = "Publisher"; Value = "Altium Limited"; VariantName = "[No Variations]"
Add component (AddParameter): Name = "Value"; Value = "10mH"; VariantName = "[No Variations]"
Add component (AddParameter): Name = "LatestRevisionDate"; Value = "17-Jul-2002"; VariantName = "[No Variations]"
Add component (AddParameter): Name = "LatestRevisionNote"; Value = "Re-released for DXP Platform."; VariantName = "[No Variations]"
Add component (AddParameter): Name = "PackageDescription"; Value = "Axial Device, Thru-Hole; 2 Leads; 0.3 in Pin Spacing"; VariantName = "[No Variations]"
Add component (AddParameter): Name = "PackageReference"; Value = "AXIAL-0.3"; VariantName = "[No Variations]"
Add component (AddParameter): Name = "Published"; Value = "8-Jun-2000"; VariantName = "[No Variations]"
Add component (AddParameter): Name = "Publisher"; Value = "Altium Limited"; VariantName = "[No Variations]"
Add component (AddParameter): Name = "Value"; Value = "4K7"; VariantName = "[No Variations]"
Added Component: Designator=R1(0603[IMP]-RES)
Add component. Clean all parameters for all variants
Add component (AddParameter): Name = "LatestRevisionDate"; Value = "17-Jul-2002"; VariantName = "[No Variations]"
Add component (AddParameter): Name = "LatestRevisionNote"; Value = "Re-released for DXP Platform."; VariantName = "[No Variations]"
Add component (AddParameter): Name = "PackageDescription"; Value = "Axial Device, Thru-Hole; 2 Leads; 0.3 in Pin Spacing"; VariantName = "[No Variations]"
Add component (AddParameter): Name = "PackageReference"; Value = "AXIAL-0.3"; VariantName = "[No Variations]"
Add component (AddParameter): Name = "Published"; Value = "8-Jun-2000"; VariantName = "[No Variations]"
Add component (AddParameter): Name = "Publisher"; Value = "Altium Limited"; VariantName = "[No Variations]"
Add component (AddParameter): Name = "Value"; Value = "4K7"; VariantName = "[No Variations]"
Add component (AddParameter): Name = "LatestRevisionDate"; Value = "17-Jul-2002"; VariantName = "[No Variations]"
Add component (AddParameter): Name = "LatestRevisionNote"; Value = "Re-released for DXP Platform."; VariantName = "[No Variations]"
Add component (AddParameter): Name = "PackageDescription"; Value = "Axial Device, Thru-Hole; 2 Leads; 0.3 in Pin Spacing"; VariantName = "[No Variations]"
Add component (AddParameter): Name = "PackageReference"; Value = "AXIAL-0.3"; VariantName = "[No Variations]"
Add component (AddParameter): Name = "Published"; Value = "8-Jun-2000"; VariantName = "[No Variations]"
Add component (AddParameter): Name = "Publisher"; Value = "Altium Limited"; VariantName = "[No Variations]"
Add component (AddParameter): Name = "Value"; Value = "10K"; VariantName = "[No Variations]"
Added Component: Designator=R2(0603[IMP]-RES)
Add component. Clean all parameters for all variants
Add component (AddParameter): Name = "LatestRevisionDate"; Value = "17-Jul-2002"; VariantName = "[No Variations]"
Add component (AddParameter): Name = "LatestRevisionNote"; Value = "Re-released for DXP Platform."; VariantName = "[No Variations]"
Add component (AddParameter): Name = "PackageDescription"; Value = "Axial Device, Thru-Hole; 2 Leads; 0.3 in Pin Spacing"; VariantName = "[No Variations]"
Add component (AddParameter): Name = "PackageReference"; Value = "AXIAL-0.3"; VariantName = "[No Variations]"
Add component (AddParameter): Name = "Published"; Value = "8-Jun-2000"; VariantName = "[No Variations]"
Add component (AddParameter): Name = "Publisher"; Value = "Altium Limited"; VariantName = "[No Variations]"
Add component (AddParameter): Name = "Value"; Value = "10K"; VariantName = "[No Variations]"
Add component (AddParameter): Name = "LatestRevisionDate"; Value = "17-Jul-2002"; VariantName = "[No Variations]"
Add component (AddParameter): Name = "LatestRevisionNote"; Value = "Re-released for DXP Platform."; VariantName = "[No Variations]"
Add component (AddParameter): Name = "PackageDescription"; Value = "Axial Device, Thru-Hole; 2 Leads; 0.3 in Pin Spacing"; VariantName = "[No Variations]"
Add component (AddParameter): Name = "PackageReference"; Value = "AXIAL-0.3"; VariantName = "[No Variations]"
Add component (AddParameter): Name = "Published"; Value = "8-Jun-2000"; VariantName = "[No Variations]"
Add component (AddParameter): Name = "Publisher"; Value = "Altium Limited"; VariantName = "[No Variations]"
Add component (AddParameter): Name = "Value"; Value = "10K"; VariantName = "[No Variations]"
Added Component: Designator=R3(0603[IMP]-RES)
Add component. Clean all parameters for all variants
Add component (AddParameter): Name = "LatestRevisionDate"; Value = "17-Jul-2002"; VariantName = "[No Variations]"
Add component (AddParameter): Name = "LatestRevisionNote"; Value = "Re-released for DXP Platform."; VariantName = "[No Variations]"
Add component (AddParameter): Name = "PackageDescription"; Value = "Axial Device, Thru-Hole; 2 Leads; 0.3 in Pin Spacing"; VariantName = "[No Variations]"
Add component (AddParameter): Name = "PackageReference"; Value = "AXIAL-0.3"; VariantName = "[No Variations]"
Add component (AddParameter): Name = "Published"; Value = "8-Jun-2000"; VariantName = "[No Variations]"
Add component (AddParameter): Name = "Publisher"; Value = "Altium Limited"; VariantName = "[No Variations]"
Add component (AddParameter): Name = "Value"; Value = "10K"; VariantName = "[No Variations]"
Add component (AddParameter): Name = "LatestRevisionDate"; Value = "17-Jul-2002"; VariantName = "[No Variations]"
Add component (AddParameter): Name = "LatestRevisionNote"; Value = "Re-released for DXP Platform."; VariantName = "[No Variations]"
Add component (AddParameter): Name = "PackageDescription"; Value = "Axial Device, Thru-Hole; 2 Leads; 0.3 in Pin Spacing"; VariantName = "[No Variations]"
Add component (AddParameter): Name = "PackageReference"; Value = "AXIAL-0.3"; VariantName = "[No Variations]"
Add component (AddParameter): Name = "Published"; Value = "8-Jun-2000"; VariantName = "[No Variations]"
Add component (AddParameter): Name = "Publisher"; Value = "Altium Limited"; VariantName = "[No Variations]"
Add component (AddParameter): Name = "Value"; Value = "0"; VariantName = "[No Variations]"
Added Component: Designator=R4(0603[IMP]-RES)
Add component. Clean all parameters for all variants
Add component (AddParameter): Name = "LatestRevisionDate"; Value = "17-Jul-2002"; VariantName = "[No Variations]"
Add component (AddParameter): Name = "LatestRevisionNote"; Value = "Re-released for DXP Platform."; VariantName = "[No Variations]"
Add component (AddParameter): Name = "PackageDescription"; Value = "Axial Device, Thru-Hole; 2 Leads; 0.3 in Pin Spacing"; VariantName = "[No Variations]"
Add component (AddParameter): Name = "PackageReference"; Value = "AXIAL-0.3"; VariantName = "[No Variations]"
Add component (AddParameter): Name = "Published"; Value = "8-Jun-2000"; VariantName = "[No Variations]"
Add component (AddParameter): Name = "Publisher"; Value = "Altium Limited"; VariantName = "[No Variations]"
Add component (AddParameter): Name = "Value"; Value = "0"; VariantName = "[No Variations]"
Add component (AddParameter): Name = "LatestRevisionDate"; Value = "17-Jul-2002"; VariantName = "[No Variations]"
Add component (AddParameter): Name = "LatestRevisionNote"; Value = "Re-released for DXP Platform."; VariantName = "[No Variations]"
Add component (AddParameter): Name = "PackageDescription"; Value = "Axial Device, Thru-Hole; 2 Leads; 0.3 in Pin Spacing"; VariantName = "[No Variations]"
Add component (AddParameter): Name = "PackageReference"; Value = "AXIAL-0.3"; VariantName = "[No Variations]"
Add component (AddParameter): Name = "Published"; Value = "8-Jun-2000"; VariantName = "[No Variations]"
Add component (AddParameter): Name = "Publisher"; Value = "Altium Limited"; VariantName = "[No Variations]"
Add component (AddParameter): Name = "Value"; Value = "100"; VariantName = "[No Variations]"
Added Component: Designator=R5(0603[IMP]-RES)
Add component. Clean all parameters for all variants
Add component (AddParameter): Name = "LatestRevisionDate"; Value = "17-Jul-2002"; VariantName = "[No Variations]"
Add component (AddParameter): Name = "LatestRevisionNote"; Value = "Re-released for DXP Platform."; VariantName = "[No Variations]"
Add component (AddParameter): Name = "PackageDescription"; Value = "Axial Device, Thru-Hole; 2 Leads; 0.3 in Pin Spacing"; VariantName = "[No Variations]"
Add component (AddParameter): Name = "PackageReference"; Value = "AXIAL-0.3"; VariantName = "[No Variations]"
Add component (AddParameter): Name = "Published"; Value = "8-Jun-2000"; VariantName = "[No Variations]"
Add component (AddParameter): Name = "Publisher"; Value = "Altium Limited"; VariantName = "[No Variations]"
Add component (AddParameter): Name = "Value"; Value = "100"; VariantName = "[No Variations]"
Add component (AddParameter): Name = "LatestRevisionDate"; Value = "17-Jul-2002"; VariantName = "[No Variations]"
Add component (AddParameter): Name = "LatestRevisionNote"; Value = "Re-released for DXP Platform."; VariantName = "[No Variations]"
Add component (AddParameter): Name = "PackageDescription"; Value = "Axial Device, Thru-Hole; 2 Leads; 0.3 in Pin Spacing"; VariantName = "[No Variations]"
Add component (AddParameter): Name = "PackageReference"; Value = "AXIAL-0.3"; VariantName = "[No Variations]"
Add component (AddParameter): Name = "Published"; Value = "8-Jun-2000"; VariantName = "[No Variations]"
Add component (AddParameter): Name = "Publisher"; Value = "Altium Limited"; VariantName = "[No Variations]"
Add component (AddParameter): Name = "Value"; Value = "0"; VariantName = "[No Variations]"
Added Component: Designator=R6(0603[IMP]-RES)
Add component. Clean all parameters for all variants
Add component (AddParameter): Name = "LatestRevisionDate"; Value = "17-Jul-2002"; VariantName = "[No Variations]"
Add component (AddParameter): Name = "LatestRevisionNote"; Value = "Re-released for DXP Platform."; VariantName = "[No Variations]"
Add component (AddParameter): Name = "PackageDescription"; Value = "Axial Device, Thru-Hole; 2 Leads; 0.3 in Pin Spacing"; VariantName = "[No Variations]"
Add component (AddParameter): Name = "PackageReference"; Value = "AXIAL-0.3"; VariantName = "[No Variations]"
Add component (AddParameter): Name = "Published"; Value = "8-Jun-2000"; VariantName = "[No Variations]"
Add component (AddParameter): Name = "Publisher"; Value = "Altium Limited"; VariantName = "[No Variations]"
Add component (AddParameter): Name = "Value"; Value = "0"; VariantName = "[No Variations]"
Add component (AddParameter): Name = "LatestRevisionDate"; Value = "17-Jul-2002"; VariantName = "[No Variations]"
Add component (AddParameter): Name = "LatestRevisionNote"; Value = "Re-released for DXP Platform."; VariantName = "[No Variations]"
Add component (AddParameter): Name = "PackageDescription"; Value = "Axial Device, Thru-Hole; 2 Leads; 0.3 in Pin Spacing"; VariantName = "[No Variations]"
Add component (AddParameter): Name = "PackageReference"; Value = "AXIAL-0.3"; VariantName = "[No Variations]"
Add component (AddParameter): Name = "Published"; Value = "8-Jun-2000"; VariantName = "[No Variations]"
Add component (AddParameter): Name = "Publisher"; Value = "Altium Limited"; VariantName = "[No Variations]"
Add component (AddParameter): Name = "Value"; Value = "47K"; VariantName = "[No Variations]"
Added Component: Designator=R7(0603[IMP]-RES)
Add component. Clean all parameters for all variants
Add component (AddParameter): Name = "LatestRevisionDate"; Value = "17-Jul-2002"; VariantName = "[No Variations]"
Add component (AddParameter): Name = "LatestRevisionNote"; Value = "Re-released for DXP Platform."; VariantName = "[No Variations]"
Add component (AddParameter): Name = "PackageDescription"; Value = "Axial Device, Thru-Hole; 2 Leads; 0.3 in Pin Spacing"; VariantName = "[No Variations]"
Add component (AddParameter): Name = "PackageReference"; Value = "AXIAL-0.3"; VariantName = "[No Variations]"
Add component (AddParameter): Name = "Published"; Value = "8-Jun-2000"; VariantName = "[No Variations]"
Add component (AddParameter): Name = "Publisher"; Value = "Altium Limited"; VariantName = "[No Variations]"
Add component (AddParameter): Name = "Value"; Value = "47K"; VariantName = "[No Variations]"
Add component (AddParameter): Name = "LatestRevisionDate"; Value = "17-Jul-2002"; VariantName = "[No Variations]"
Add component (AddParameter): Name = "LatestRevisionNote"; Value = "Re-released for DXP Platform."; VariantName = "[No Variations]"
Add component (AddParameter): Name = "PackageDescription"; Value = "Axial Device, Thru-Hole; 2 Leads; 0.3 in Pin Spacing"; VariantName = "[No Variations]"
Add component (AddParameter): Name = "PackageReference"; Value = "AXIAL-0.3"; VariantName = "[No Variations]"
Add component (AddParameter): Name = "Published"; Value = "8-Jun-2000"; VariantName = "[No Variations]"
Add component (AddParameter): Name = "Publisher"; Value = "Altium Limited"; VariantName = "[No Variations]"
Add component (AddParameter): Name = "Value"; Value = "4.7K"; VariantName = "[No Variations]"
Added Component: Designator=R8(0603[IMP]-RES)
Add component. Clean all parameters for all variants
Add component (AddParameter): Name = "LatestRevisionDate"; Value = "17-Jul-2002"; VariantName = "[No Variations]"
Add component (AddParameter): Name = "LatestRevisionNote"; Value = "Re-released for DXP Platform."; VariantName = "[No Variations]"
Add component (AddParameter): Name = "PackageDescription"; Value = "Axial Device, Thru-Hole; 2 Leads; 0.3 in Pin Spacing"; VariantName = "[No Variations]"
Add component (AddParameter): Name = "PackageReference"; Value = "AXIAL-0.3"; VariantName = "[No Variations]"
Add component (AddParameter): Name = "Published"; Value = "8-Jun-2000"; VariantName = "[No Variations]"
Add component (AddParameter): Name = "Publisher"; Value = "Altium Limited"; VariantName = "[No Variations]"
Add component (AddParameter): Name = "Value"; Value = "4.7K"; VariantName = "[No Variations]"
Add component (AddParameter): Name = "LatestRevisionDate"; Value = "17-Jul-2002"; VariantName = "[No Variations]"
Add component (AddParameter): Name = "LatestRevisionNote"; Value = "Re-released for DXP Platform."; VariantName = "[No Variations]"
Add component (AddParameter): Name = "PackageDescription"; Value = "Axial Device, Thru-Hole; 2 Leads; 0.3 in Pin Spacing"; VariantName = "[No Variations]"
Add component (AddParameter): Name = "PackageReference"; Value = "AXIAL-0.3"; VariantName = "[No Variations]"
Add component (AddParameter): Name = "Published"; Value = "8-Jun-2000"; VariantName = "[No Variations]"
Add component (AddParameter): Name = "Publisher"; Value = "Altium Limited"; VariantName = "[No Variations]"
Add component (AddParameter): Name = "Value"; Value = "4.7K"; VariantName = "[No Variations]"
Added Component: Designator=R9(0603[IMP]-RES)
Add component. Clean all parameters for all variants
Add component (AddParameter): Name = "LatestRevisionDate"; Value = "17-Jul-2002"; VariantName = "[No Variations]"
Add component (AddParameter): Name = "LatestRevisionNote"; Value = "Re-released for DXP Platform."; VariantName = "[No Variations]"
Add component (AddParameter): Name = "PackageDescription"; Value = "Axial Device, Thru-Hole; 2 Leads; 0.3 in Pin Spacing"; VariantName = "[No Variations]"
Add component (AddParameter): Name = "PackageReference"; Value = "AXIAL-0.3"; VariantName = "[No Variations]"
Add component (AddParameter): Name = "Published"; Value = "8-Jun-2000"; VariantName = "[No Variations]"
Add component (AddParameter): Name = "Publisher"; Value = "Altium Limited"; VariantName = "[No Variations]"
Add component (AddParameter): Name = "Value"; Value = "4.7K"; VariantName = "[No Variations]"
Add component (AddParameter): Name = "LatestRevisionDate"; Value = "17-Jul-2002"; VariantName = "[No Variations]"
Add component (AddParameter): Name = "LatestRevisionNote"; Value = "Re-released for DXP Platform."; VariantName = "[No Variations]"
Add component (AddParameter): Name = "PackageDescription"; Value = "Axial Device, Thru-Hole; 2 Leads; 0.3 in Pin Spacing"; VariantName = "[No Variations]"
Add component (AddParameter): Name = "PackageReference"; Value = "AXIAL-0.3"; VariantName = "[No Variations]"
Add component (AddParameter): Name = "Published"; Value = "8-Jun-2000"; VariantName = "[No Variations]"
Add component (AddParameter): Name = "Publisher"; Value = "Altium Limited"; VariantName = "[No Variations]"
Add component (AddParameter): Name = "Value"; Value = "10K"; VariantName = "[No Variations]"
Added Component: Designator=R10(0603[IMP]-RES)
Add component. Clean all parameters for all variants
Add component (AddParameter): Name = "LatestRevisionDate"; Value = "17-Jul-2002"; VariantName = "[No Variations]"
Add component (AddParameter): Name = "LatestRevisionNote"; Value = "Re-released for DXP Platform."; VariantName = "[No Variations]"
Add component (AddParameter): Name = "PackageDescription"; Value = "Axial Device, Thru-Hole; 2 Leads; 0.3 in Pin Spacing"; VariantName = "[No Variations]"
Add component (AddParameter): Name = "PackageReference"; Value = "AXIAL-0.3"; VariantName = "[No Variations]"
Add component (AddParameter): Name = "Published"; Value = "8-Jun-2000"; VariantName = "[No Variations]"
Add component (AddParameter): Name = "Publisher"; Value = "Altium Limited"; VariantName = "[No Variations]"
Add component (AddParameter): Name = "Value"; Value = "10K"; VariantName = "[No Variations]"
Added Component: Designator=U1(LQFP64)
Add component. Clean all parameters for all variants
Added Component: Designator=U2(TEST)
Add component. Clean all parameters for all variants
Added Component: Designator=U3(MMA8452QT)
Add component. Clean all parameters for all variants
Added Component: Designator=X1(Quartz_ABS25)
Add component. Clean all parameters for all variants
Added Pin To Net: NetName=AGND Pin=B1-1
Added Pin To Net: NetName=PC13 Pin=B1-2
Added Pin To Net: NetName=PC13 Pin=B1-3
Added Pin To Net: NetName=AGND Pin=B1-4
Added Pin To Net: NetName=AGND Pin=B2-1
Added Pin To Net: NetName=NRST Pin=B2-2
Added Pin To Net: NetName=NRST Pin=B2-3
Added Pin To Net: NetName=AGND Pin=B2-4
Added Pin To Net: NetName=PB11 Pin=C1-1
Added Pin To Net: NetName=AGND Pin=C1-2
Added Pin To Net: NetName=AGND Pin=C2-1
Added Pin To Net: NetName=NetC2_2 Pin=C2-2
Added Pin To Net: NetName=NetC3_1 Pin=C3-1
Added Pin To Net: NetName=PC13 Pin=C3-2
Added Pin To Net: NetName=AGND Pin=C4-1
Added Pin To Net: NetName=NetC4_2 Pin=C4-2
Added Pin To Net: NetName=AGND Pin=C5-1
Added Pin To Net: NetName=VDDIO Pin=C5-2
Added Pin To Net: NetName=AGND Pin=C6-1
Added Pin To Net: NetName=VDDIO Pin=C6-2
Added Pin To Net: NetName=AGND Pin=C7-1
Added Pin To Net: NetName=VDDIO Pin=C7-2
Added Pin To Net: NetName=AGND Pin=C8-1
Added Pin To Net: NetName=BYP Pin=C8-2
Added Pin To Net: NetName=AGND Pin=C9-1
Added Pin To Net: NetName=NRST Pin=C9-2
Added Pin To Net: NetName=NetC10_1 Pin=C10-1
Added Pin To Net: NetName=AGND Pin=C10-2
Added Pin To Net: NetName=VDDIO Pin=C11-1
Added Pin To Net: NetName=AGND Pin=C11-2
Added Pin To Net: NetName=NetC12_1 Pin=C12-1
Added Pin To Net: NetName=AGND Pin=C12-2
Added Pin To Net: NetName=VDDIO Pin=C13-1
Added Pin To Net: NetName=AGND Pin=C13-2
Added Pin To Net: NetName=VDDIO Pin=C14-1
Added Pin To Net: NetName=AGND Pin=C14-2
Added Pin To Net: NetName=VDDIO Pin=C15-1
Added Pin To Net: NetName=AGND Pin=C15-2
Added Pin To Net: NetName=VDDIO Pin=C16-1
Added Pin To Net: NetName=AGND Pin=C16-2
Added Pin To Net: NetName=AVDD Pin=C17-1
Added Pin To Net: NetName=AGND Pin=C17-2
Added Pin To Net: NetName=VDDIO Pin=L1-1
Added Pin To Net: NetName=AVDD Pin=L1-2
Added Pin To Net: NetName=PC13 Pin=R1-1
Added Pin To Net: NetName=VDDIO Pin=R1-2
Added Pin To Net: NetName=NetR2_1 Pin=R2-1
Added Pin To Net: NetName=RESETN Pin=R2-2
Added Pin To Net: NetName=NetR3_1 Pin=R3-1
Added Pin To Net: NetName=CSN Pin=R3-2
Added Pin To Net: NetName=PC14 Pin=R4-1
Added Pin To Net: NetName=NetC2_2 Pin=R4-2
Added Pin To Net: NetName=AGND Pin=R5-1
Added Pin To Net: NetName=NetC3_1 Pin=R5-2
Added Pin To Net: NetName=PC15 Pin=R6-1
Added Pin To Net: NetName=NetC4_2 Pin=R6-2
Added Pin To Net: NetName=SPI_IRQ Pin=R7-2
Added Pin To Net: NetName=SDA Pin=R8-1
Added Pin To Net: NetName=VDDIO Pin=R8-2
Added Pin To Net: NetName=SCL Pin=R9-1
Added Pin To Net: NetName=VDDIO Pin=R9-2
Added Pin To Net: NetName=NetR10_1 Pin=R10-1
Added Pin To Net: NetName=AGND Pin=R10-2
Added Pin To Net: NetName=VDDIO Pin=U1-1
Added Pin To Net: NetName=PC13 Pin=U1-2
Added Pin To Net: NetName=PC14 Pin=U1-3
Added Pin To Net: NetName=PC15 Pin=U1-4
Added Pin To Net: NetName=NRST Pin=U1-7
Added Pin To Net: NetName=PC0 Pin=U1-8
Added Pin To Net: NetName=PC1 Pin=U1-9
Added Pin To Net: NetName=INT1 Pin=U1-10
Added Pin To Net: NetName=PC3 Pin=U1-11
Added Pin To Net: NetName=AGND Pin=U1-12
Added Pin To Net: NetName=AVDD Pin=U1-13
Added Pin To Net: NetName=SPI_IRQ Pin=U1-14
Added Pin To Net: NetName=CSN Pin=U1-15
Added Pin To Net: NetName=USART_TX Pin=U1-16
Added Pin To Net: NetName=USART_RX Pin=U1-17
Added Pin To Net: NetName=AGND Pin=U1-18
Added Pin To Net: NetName=VDDIO Pin=U1-19
Added Pin To Net: NetName=PA4 Pin=U1-20
Added Pin To Net: NetName=PA5 Pin=U1-21
Added Pin To Net: NetName=MISO Pin=U1-22
Added Pin To Net: NetName=MOSI Pin=U1-23
Added Pin To Net: NetName=PC4 Pin=U1-24
Added Pin To Net: NetName=PC5 Pin=U1-25
Added Pin To Net: NetName=PB0 Pin=U1-26
Added Pin To Net: NetName=PB2 Pin=U1-28
Added Pin To Net: NetName=PB10 Pin=U1-29
Added Pin To Net: NetName=PB11 Pin=U1-30
Added Pin To Net: NetName=NetC10_1 Pin=U1-31
Added Pin To Net: NetName=VDDIO Pin=U1-32
Added Pin To Net: NetName=PC6 Pin=U1-37
Added Pin To Net: NetName=PC7 Pin=U1-38
Added Pin To Net: NetName=PC8 Pin=U1-39
Added Pin To Net: NetName=PC9 Pin=U1-40
Added Pin To Net: NetName=RESETN Pin=U1-41
Added Pin To Net: NetName=PA9 Pin=U1-42
Added Pin To Net: NetName=PA10 Pin=U1-43
Added Pin To Net: NetName=PA11 Pin=U1-44
Added Pin To Net: NetName=PA12 Pin=U1-45
Added Pin To Net: NetName=PA13 Pin=U1-46
Added Pin To Net: NetName=NetC12_1 Pin=U1-47
Added Pin To Net: NetName=VDDIO Pin=U1-48
Added Pin To Net: NetName=PA14 Pin=U1-49
Added Pin To Net: NetName=PA15 Pin=U1-50
Added Pin To Net: NetName=PC10 Pin=U1-51
Added Pin To Net: NetName=PC11 Pin=U1-52
Added Pin To Net: NetName=PC12 Pin=U1-53
Added Pin To Net: NetName=PD2 Pin=U1-54
Added Pin To Net: NetName=CLK Pin=U1-55
Added Pin To Net: NetName=PB4 Pin=U1-56
Added Pin To Net: NetName=PB5 Pin=U1-57
Added Pin To Net: NetName=PB6 Pin=U1-58
Added Pin To Net: NetName=PB7 Pin=U1-59
Added Pin To Net: NetName=NetR10_1 Pin=U1-60
Added Pin To Net: NetName=SCL Pin=U1-61
Added Pin To Net: NetName=SDA Pin=U1-62
Added Pin To Net: NetName=AGND Pin=U1-63
Added Pin To Net: NetName=VDDIO Pin=U1-64
Added Pin To Net: NetName=SPI_IRQ Pin=U2-4
Added Pin To Net: NetName=VDDIO Pin=U2-5
Added Pin To Net: NetName=AGND Pin=U2-6
Added Pin To Net: NetName=CLK Pin=U2-7
Added Pin To Net: NetName=MISO Pin=U2-8
Added Pin To Net: NetName=MOSI Pin=U2-9
Added Pin To Net: NetName=NetR3_1 Pin=U2-10
Added Pin To Net: NetName=NetR2_1 Pin=U2-11
Added Pin To Net: NetName=VDDIO Pin=U3-1
Added Pin To Net: NetName=BYP Pin=U3-2
Added Pin To Net: NetName=SCL Pin=U3-4
Added Pin To Net: NetName=AGND Pin=U3-5
Added Pin To Net: NetName=SDA Pin=U3-6
Added Pin To Net: NetName=VDDIO Pin=U3-7
Added Pin To Net: NetName=INT2 Pin=U3-9
Added Pin To Net: NetName=AGND Pin=U3-10
Added Pin To Net: NetName=INT1 Pin=U3-11
Added Pin To Net: NetName=AGND Pin=U3-12
Added Pin To Net: NetName=VDDIO Pin=U3-14
Added Pin To Net: NetName=NetC2_2 Pin=X1-1
Added Pin To Net: NetName=NetC4_2 Pin=X1-4
Added Member To Class: ClassName=Copy of MCU_64 Member=Component B1 USER (Blue)
Added Member To Class: ClassName=Copy of MCU_64 Member=Component B2 TD-0341 [RESET/Black]
Added Member To Class: ClassName=Copy of MCU_64 Member=Component C1 4.7uF
Added Member To Class: ClassName=Copy of MCU_64 Member=Component C2 Cap
Added Member To Class: ClassName=Copy of MCU_64 Member=Component C3 Cap
Added Member To Class: ClassName=Copy of MCU_64 Member=Component C4 Cap
Added Member To Class: ClassName=Copy of MCU_64 Member=Component C5 Cap
Added Member To Class: ClassName=Copy of MCU_64 Member=Component C6 Cap
Added Member To Class: ClassName=Copy of MCU_64 Member=Component C7 Cap
Added Member To Class: ClassName=Copy of MCU_64 Member=Component C8 Cap
Added Member To Class: ClassName=Copy of MCU_64 Member=Component C9 Cap
Added Member To Class: ClassName=Copy of MCU_64 Member=Component C10 2.2uF
Added Member To Class: ClassName=Copy of MCU_64 Member=Component C11 1uF_X5R_0603
Added Member To Class: ClassName=Copy of MCU_64 Member=Component C12 2.2uF
Added Member To Class: ClassName=Copy of MCU_64 Member=Component C13 Cap
Added Member To Class: ClassName=Copy of MCU_64 Member=Component C14 Cap
Added Member To Class: ClassName=Copy of MCU_64 Member=Component C15 Cap
Added Member To Class: ClassName=Copy of MCU_64 Member=Component C16 Cap
Added Member To Class: ClassName=Copy of MCU_64 Member=Component C17 Cap
Added Member To Class: ClassName=Copy of MCU_64 Member=Component L1 
Added Member To Class: ClassName=Copy of MCU_64 Member=Component R1 Res1
Added Member To Class: ClassName=Copy of MCU_64 Member=Component R2 Res1
Added Member To Class: ClassName=Copy of MCU_64 Member=Component R3 Res1
Added Member To Class: ClassName=Copy of MCU_64 Member=Component R4 Res1
Added Member To Class: ClassName=Copy of MCU_64 Member=Component R5 Res1
Added Member To Class: ClassName=Copy of MCU_64 Member=Component R6 Res1
Added Member To Class: ClassName=Copy of MCU_64 Member=Component R7 Res1
Added Member To Class: ClassName=Copy of MCU_64 Member=Component R8 Res1
Added Member To Class: ClassName=Copy of MCU_64 Member=Component R9 Res1
Added Member To Class: ClassName=Copy of MCU_64 Member=Component R10 Res1
Added Member To Class: ClassName=Copy of MCU_64 Member=Component U1 MCU_LQFP64
Added Member To Class: ClassName=Copy of MCU_64 Member=Component U2 SPBTLE-RF
Added Member To Class: ClassName=Copy of MCU_64 Member=Component U3 MMA8452QT
Added Member To Class: ClassName=Copy of MCU_64 Member=Component X1 32.768K[N/A]
Added Room: Name=Copy of MCU_64
