  VisualGDB: using project file C:\Knocklet\KNOCKLET_BRAC\KNOCKLET_BRAC.vcxproj
  VisualGDB: using solution file C:\Knocklet\KNOCKLET_BRAC\KNOCKLET_BRAC.sln
  VisualGDB: using configuration Debug
  VisualGDB: Attempting inline build (Build)...
  VisualGDB: Trying to detect if your Makefiles need updating... Using configuration: Debug|Win32
  VisualGDB: Found a makefile: C:\Knocklet\KNOCKLET_BRAC\Makefile
  VisualGDB: Found 134 source file(s):
      $(BSP_ROOT)/drivers/AnalogIn.cpp
      $(BSP_ROOT)/drivers/BusIn.cpp
      $(BSP_ROOT)/drivers/BusInOut.cpp
      $(BSP_ROOT)/drivers/BusOut.cpp
      $(BSP_ROOT)/drivers/CAN.cpp
      $(BSP_ROOT)/drivers/Ethernet.cpp
      $(BSP_ROOT)/drivers/FileBase.cpp
      $(BSP_ROOT)/drivers/FileLike.cpp
      $(BSP_ROOT)/drivers/FilePath.cpp
      $(BSP_ROOT)/drivers/FileSystemLike.cpp
      $(BSP_ROOT)/drivers/I2C.cpp
      $(BSP_ROOT)/drivers/I2CSlave.cpp
      $(BSP_ROOT)/drivers/InterruptIn.cpp
      $(BSP_ROOT)/drivers/InterruptManager.cpp
      $(BSP_ROOT)/drivers/LocalFileSystem.cpp
      $(BSP_ROOT)/drivers/RawSerial.cpp
      $(BSP_ROOT)/drivers/Serial.cpp
      $(BSP_ROOT)/drivers/SerialBase.cpp
      $(BSP_ROOT)/drivers/SPI.cpp
      $(BSP_ROOT)/drivers/SPISlave.cpp
      $(BSP_ROOT)/drivers/Stream.cpp
      $(BSP_ROOT)/drivers/Ticker.cpp
      $(BSP_ROOT)/drivers/Timeout.cpp
      $(BSP_ROOT)/drivers/Timer.cpp
      $(BSP_ROOT)/drivers/TimerEvent.cpp
      $(BSP_ROOT)/events/equeue/equeue.c
      $(BSP_ROOT)/events/equeue/equeue_mbed.cpp
      $(BSP_ROOT)/events/equeue/equeue_posix.c
      $(BSP_ROOT)/events/EventQueue.cpp
      $(BSP_ROOT)/hal/mbed_gpio.c
      $(BSP_ROOT)/hal/mbed_lp_ticker_api.c
      $(BSP_ROOT)/hal/mbed_pinmap_common.c
      $(BSP_ROOT)/hal/mbed_ticker_api.c
      $(BSP_ROOT)/hal/mbed_us_ticker_api.c
      $(BSP_ROOT)/platform/CallChain.cpp
      $(BSP_ROOT)/platform/mbed_alloc_wrappers.cpp
      $(BSP_ROOT)/platform/mbed_assert.c
      $(BSP_ROOT)/platform/mbed_board.c
      $(BSP_ROOT)/platform/mbed_critical.c
      $(BSP_ROOT)/platform/mbed_error.c
      $(BSP_ROOT)/platform/mbed_interface.c
      $(BSP_ROOT)/platform/mbed_mem_trace.c
      $(BSP_ROOT)/platform/mbed_rtc_time.cpp
      $(BSP_ROOT)/platform/mbed_semihost_api.c
      $(BSP_ROOT)/platform/mbed_wait_api_no_rtos.c
      $(BSP_ROOT)/platform/mbed_wait_api_rtos.cpp
      $(BSP_ROOT)/platform/retarget.cpp
      $(BSP_ROOT)/stubs.cpp
      $(BSP_ROOT)/targets/TARGET_STM/stm_spi_api.c
      $(BSP_ROOT)/targets/TARGET_STM/TARGET_STM32L0/analogin_api.c
      $(BSP_ROOT)/targets/TARGET_STM/TARGET_STM32L0/analogout_api.c
      $(BSP_ROOT)/targets/TARGET_STM/TARGET_STM32L0/device/stm32l0xx_hal.c
      $(BSP_ROOT)/targets/TARGET_STM/TARGET_STM32L0/device/stm32l0xx_hal_adc.c
      $(BSP_ROOT)/targets/TARGET_STM/TARGET_STM32L0/device/stm32l0xx_hal_adc_ex.c
      $(BSP_ROOT)/targets/TARGET_STM/TARGET_STM32L0/device/stm32l0xx_hal_comp.c
      $(BSP_ROOT)/targets/TARGET_STM/TARGET_STM32L0/device/stm32l0xx_hal_comp_ex.c
      $(BSP_ROOT)/targets/TARGET_STM/TARGET_STM32L0/device/stm32l0xx_hal_cortex.c
      $(BSP_ROOT)/targets/TARGET_STM/TARGET_STM32L0/device/stm32l0xx_hal_crc.c
      $(BSP_ROOT)/targets/TARGET_STM/TARGET_STM32L0/device/stm32l0xx_hal_crc_ex.c
      $(BSP_ROOT)/targets/TARGET_STM/TARGET_STM32L0/device/stm32l0xx_hal_cryp.c
      $(BSP_ROOT)/targets/TARGET_STM/TARGET_STM32L0/device/stm32l0xx_hal_cryp_ex.c
      $(BSP_ROOT)/targets/TARGET_STM/TARGET_STM32L0/device/stm32l0xx_hal_dac.c
      $(BSP_ROOT)/targets/TARGET_STM/TARGET_STM32L0/device/stm32l0xx_hal_dac_ex.c
      $(BSP_ROOT)/targets/TARGET_STM/TARGET_STM32L0/device/stm32l0xx_hal_dma.c
      $(BSP_ROOT)/targets/TARGET_STM/TARGET_STM32L0/device/stm32l0xx_hal_firewall.c
      $(BSP_ROOT)/targets/TARGET_STM/TARGET_STM32L0/device/stm32l0xx_hal_flash.c
      $(BSP_ROOT)/targets/TARGET_STM/TARGET_STM32L0/device/stm32l0xx_hal_flash_ex.c
      $(BSP_ROOT)/targets/TARGET_STM/TARGET_STM32L0/device/stm32l0xx_hal_flash_ramfunc.c
      $(BSP_ROOT)/targets/TARGET_STM/TARGET_STM32L0/device/stm32l0xx_hal_gpio.c
      $(BSP_ROOT)/targets/TARGET_STM/TARGET_STM32L0/device/stm32l0xx_hal_i2c.c
      $(BSP_ROOT)/targets/TARGET_STM/TARGET_STM32L0/device/stm32l0xx_hal_i2c_ex.c
      $(BSP_ROOT)/targets/TARGET_STM/TARGET_STM32L0/device/stm32l0xx_hal_i2s.c
      $(BSP_ROOT)/targets/TARGET_STM/TARGET_STM32L0/device/stm32l0xx_hal_irda.c
      $(BSP_ROOT)/targets/TARGET_STM/TARGET_STM32L0/device/stm32l0xx_hal_iwdg.c
      $(BSP_ROOT)/targets/TARGET_STM/TARGET_STM32L0/device/stm32l0xx_hal_lcd.c
      $(BSP_ROOT)/targets/TARGET_STM/TARGET_STM32L0/device/stm32l0xx_hal_lptim.c
      $(BSP_ROOT)/targets/TARGET_STM/TARGET_STM32L0/device/stm32l0xx_hal_pcd.c
      $(BSP_ROOT)/targets/TARGET_STM/TARGET_STM32L0/device/stm32l0xx_hal_pcd_ex.c
      $(BSP_ROOT)/targets/TARGET_STM/TARGET_STM32L0/device/stm32l0xx_hal_pwr.c
      $(BSP_ROOT)/targets/TARGET_STM/TARGET_STM32L0/device/stm32l0xx_hal_pwr_ex.c
      $(BSP_ROOT)/targets/TARGET_STM/TARGET_STM32L0/device/stm32l0xx_hal_rcc.c
      $(BSP_ROOT)/targets/TARGET_STM/TARGET_STM32L0/device/stm32l0xx_hal_rcc_ex.c
      $(BSP_ROOT)/targets/TARGET_STM/TARGET_STM32L0/device/stm32l0xx_hal_rng.c
      $(BSP_ROOT)/targets/TARGET_STM/TARGET_STM32L0/device/stm32l0xx_hal_rtc.c
      $(BSP_ROOT)/targets/TARGET_STM/TARGET_STM32L0/device/stm32l0xx_hal_rtc_ex.c
      $(BSP_ROOT)/targets/TARGET_STM/TARGET_STM32L0/device/stm32l0xx_hal_smartcard.c
      $(BSP_ROOT)/targets/TARGET_STM/TARGET_STM32L0/device/stm32l0xx_hal_smartcard_ex.c
      $(BSP_ROOT)/targets/TARGET_STM/TARGET_STM32L0/device/stm32l0xx_hal_smbus.c
      $(BSP_ROOT)/targets/TARGET_STM/TARGET_STM32L0/device/stm32l0xx_hal_spi.c
      $(BSP_ROOT)/targets/TARGET_STM/TARGET_STM32L0/device/stm32l0xx_hal_tim.c
      $(BSP_ROOT)/targets/TARGET_STM/TARGET_STM32L0/device/stm32l0xx_hal_tim_ex.c
      $(BSP_ROOT)/targets/TARGET_STM/TARGET_STM32L0/device/stm32l0xx_hal_tsc.c
      $(BSP_ROOT)/targets/TARGET_STM/TARGET_STM32L0/device/stm32l0xx_hal_uart.c
      $(BSP_ROOT)/targets/TARGET_STM/TARGET_STM32L0/device/stm32l0xx_hal_uart_ex.c
      $(BSP_ROOT)/targets/TARGET_STM/TARGET_STM32L0/device/stm32l0xx_hal_usart.c
      $(BSP_ROOT)/targets/TARGET_STM/TARGET_STM32L0/device/stm32l0xx_hal_wwdg.c
      $(BSP_ROOT)/targets/TARGET_STM/TARGET_STM32L0/gpio_api.c
      $(BSP_ROOT)/targets/TARGET_STM/TARGET_STM32L0/gpio_irq_api.c
      $(BSP_ROOT)/targets/TARGET_STM/TARGET_STM32L0/i2c_api.c
      $(BSP_ROOT)/targets/TARGET_STM/TARGET_STM32L0/lp_ticker.c
      $(BSP_ROOT)/targets/TARGET_STM/TARGET_STM32L0/mbed_overrides.c
      $(BSP_ROOT)/targets/TARGET_STM/TARGET_STM32L0/pinmap.c
      $(BSP_ROOT)/targets/TARGET_STM/TARGET_STM32L0/port_api.c
      $(BSP_ROOT)/targets/TARGET_STM/TARGET_STM32L0/pwmout_api.c
      $(BSP_ROOT)/targets/TARGET_STM/TARGET_STM32L0/rtc_api.c
      $(BSP_ROOT)/targets/TARGET_STM/TARGET_STM32L0/serial_api.c
      $(BSP_ROOT)/targets/TARGET_STM/TARGET_STM32L0/sleep.c
      $(BSP_ROOT)/targets/TARGET_STM/TARGET_STM32L0/spi_api.c
      $(BSP_ROOT)/targets/TARGET_STM/TARGET_STM32L0/TARGET_NUCLEO_L073RZ/device/cmsis_nvic.c
      $(BSP_ROOT)/targets/TARGET_STM/TARGET_STM32L0/TARGET_NUCLEO_L073RZ/device/hal_tick.c
      $(BSP_ROOT)/targets/TARGET_STM/TARGET_STM32L0/TARGET_NUCLEO_L073RZ/device/system_stm32l0xx.c
      $(BSP_ROOT)/targets/TARGET_STM/TARGET_STM32L0/TARGET_NUCLEO_L073RZ/PeripheralPins.c
      $(BSP_ROOT)/targets/TARGET_STM/TARGET_STM32L0/us_ticker.c
      $(BSP_ROOT)/targets/TARGET_STM/trng_api.c
      Accelerometer/MMA8452.cpp
      BlueNRG/BSP/stm32l0xx_nucleo.c
      BlueNRG/BSP/stm32_bluenrg_ble.c
      BlueNRG/Middlewares/ble_list.c
      BlueNRG/Middlewares/bluenrg_gap_aci.c
      BlueNRG/Middlewares/bluenrg_gatt_aci.c
      BlueNRG/Middlewares/bluenrg_hal_aci.c
      BlueNRG/Middlewares/bluenrg_IFR.c
      BlueNRG/Middlewares/bluenrg_interface.c
      BlueNRG/Middlewares/bluenrg_l2cap_aci.c
      BlueNRG/Middlewares/bluenrg_updater_aci.c
      BlueNRG/Middlewares/bluenrg_utils.c
      BlueNRG/Middlewares/clock.c
      BlueNRG/Middlewares/gp_timer.c
      BlueNRG/Middlewares/hci.c
      BlueNRG/Middlewares/osal.c
      BlueNRG/Middlewares/stm32l0xx_hal_bluenrg_gpio.c
      BlueNRG/Middlewares/stm32l0xx_hal_bluenrg_syscfg.c
      main.cpp
      $(BSP_ROOT)/targets/TARGET_STM/TARGET_STM32L0/TARGET_NUCLEO_L073RZ/device/TOOLCHAIN_GCC_ARM/startup_stm32l073xx.S
  VisualGDB: Found 0 excluded file(s) for current configuration:
  VisualGDB: No source changes detected. C:\Knocklet\KNOCKLET_BRAC\Makefile needs no updating.
  VisualGDB: Run "cmd.exe /c "C:\SysGCC\arm-eabi\bin\make.exe" CONFIG=Debug" in directory "C:\Knocklet\KNOCKLET_BRAC" on local computer
  make: Nothing to be done for `all'.
  ------------------- Memory utilization report -------------------
  Used FLASH: 50KB out of 192KB (26%)
  Used RAM: 2704 bytes out of 19KB (13%)
