Added Component: Designator=C1(RAD-0.3)
Added Component: Designator=C2(RAD-0.3)
Added Component: Designator=C3(RAD-0.3)
Added Component: Designator=P1(HDR1X4)
Added Component: Designator=P2(HDR1X4)
Added Component: Designator=R1(AXIAL-0.3)
Added Component: Designator=R2(AXIAL-0.3)
Added Component: Designator=U*(MMA8452QT)
Added Pin To Net: NetName=GND Pin=C1-1
Added Pin To Net: NetName=GND Pin=C2-1
Added Pin To Net: NetName=GND Pin=C3-1
Added Pin To Net: NetName=GND Pin=P2-3
Added Pin To Net: NetName=GND Pin=U*-5
Added Pin To Net: NetName=GND Pin=U*-10
Added Pin To Net: NetName=GND Pin=U*-12
Added Net: Name=GND
Added Pin To Net: NetName=INT1 Pin=P2-1
Added Pin To Net: NetName=INT1 Pin=U*-11
Added Net: Name=INT1
Added Pin To Net: NetName=INT2 Pin=P2-2
Added Pin To Net: NetName=INT2 Pin=U*-9
Added Net: Name=INT2
Added Pin To Net: NetName=NetC2_2 Pin=C2-2
Added Pin To Net: NetName=NetC2_2 Pin=U*-2
Added Net: Name=NetC2_2
Added Pin To Net: NetName=SAO Pin=P1-4
Added Pin To Net: NetName=SAO Pin=U*-7
Added Net: Name=SAO
Added Pin To Net: NetName=SCL Pin=P1-2
Added Pin To Net: NetName=SCL Pin=R1-1
Added Pin To Net: NetName=SCL Pin=U*-4
Added Net: Name=SCL
Added Pin To Net: NetName=SDA Pin=P1-3
Added Pin To Net: NetName=SDA Pin=R2-1
Added Pin To Net: NetName=SDA Pin=U*-6
Added Net: Name=SDA
Added Pin To Net: NetName=VCC Pin=C3-2
Added Pin To Net: NetName=VCC Pin=U*-14
Added Net: Name=VCC
Added Pin To Net: NetName=VDDIO Pin=C1-2
Added Pin To Net: NetName=VDDIO Pin=P1-1
Added Pin To Net: NetName=VDDIO Pin=R1-2
Added Pin To Net: NetName=VDDIO Pin=R2-2
Added Pin To Net: NetName=VDDIO Pin=U*-1
Added Net: Name=VDDIO
Added Pin To Net: NetName=VDD Pin=P2-4
Added Net: Name=VDD
Added Class: Name=MMA8452QT
Added Room: Name=MMA8452QT
