Added Component: Designator=P1(HDR1X10)
Added Component: Designator=P2(HDR1X8)
Added Component: Designator=P3(HDR1X8)
Added Component: Designator=P4(HDR1X6)
Added Component: Designator=P5(HDR1X8)
Added Pin To Net: NetName=3.3V Pin=P2-4
Added Pin To Net: NetName=3.3V Pin=P5-2
Added Pin To Net: NetName=3.3V Pin=P5-6
Added Net: Name=3.3V
Added Pin To Net: NetName=GND Pin=P2-7
Added Pin To Net: NetName=GND Pin=P5-3
Added Net: Name=GND
Added Pin To Net: NetName=INT1 Pin=P5-8
Added Net: Name=INT1
Added Pin To Net: NetName=INT2 Pin=P5-7
Added Net: Name=INT2
Added Pin To Net: NetName=SCL Pin=P1-1
Added Pin To Net: NetName=SCL Pin=P5-4
Added Net: Name=SCL
Added Pin To Net: NetName=SDA Pin=P1-2
Added Pin To Net: NetName=SDA Pin=P5-5
Added Net: Name=SDA
Added Pin To Net: NetName=VCC_IN Pin=P5-1
Added Net: Name=VCC_IN
Added Class: Name=Shield_MMA8452_bleu
Added Room: Name=Shield_MMA8452_bleu
